2022-12-04 03:22:15 - [INFO] - {{EXTRACTING FILES}} Extracting compressed files in: /root/gf180-demo/caravel_user_project
2022-12-04 03:22:15 - [INFO] - {{Project Type Info}} digital
2022-12-04 03:22:15 - [INFO] - {{Project GDS Info}} user_project_wrapper: 6d9d2024f34f7212e875f932f1c96dc541e40bf3
2022-12-04 03:22:15 - [INFO] - {{Tools Info}} KLayout: v0.27.12 | Magic: v8.3.346
2022-12-04 03:22:15 - [INFO] - {{PDKs Info}} GF180MCUC: a897aa30369d3bcec87d9d50ce9b01f320f854ef | Open PDKs: 35c7265f51749ad8d9fdbb575af22c7c8fab974e
2022-12-04 03:22:15 - [INFO] - {{START}} Precheck Started, the full log 'precheck.log' will be located in '/root/gf180-demo/caravel_user_project/precheck_results/04_DEC_2022___03_22_15/logs'
2022-12-04 03:22:15 - [INFO] - {{PRECHECK SEQUENCE}} Precheck will run the following checks: [License, GPIO-Defines, XOR, Klayout FEOL, Klayout BEOL, Klayout Offgrid, Klayout Metal Minimum Clear Area Density]
2022-12-04 03:22:15 - [INFO] - {{STEP UPDATE}} Executing Check 1 of 7: License
2022-12-04 03:22:17 - [INFO] - An approved LICENSE (Apache-2.0) was found in /root/gf180-demo/caravel_user_project.
2022-12-04 03:22:17 - [INFO] - {{MAIN LICENSE CHECK PASSED}} An approved LICENSE was found in project root.
2022-12-04 03:22:18 - [INFO] - An approved LICENSE (Apache-2.0) was found in /root/gf180-demo/caravel_user_project.
2022-12-04 03:22:19 - [INFO] - An approved LICENSE (Apache-2.0) was found in /root/gf180-demo/caravel_user_project.
2022-12-04 03:22:20 - [INFO] - An approved LICENSE (Apache-2.0) was found in /root/gf180-demo/caravel_user_project.
2022-12-04 03:22:22 - [INFO] - An approved LICENSE (Apache-2.0) was found in /root/gf180-demo/caravel_user_project.
2022-12-04 03:22:22 - [INFO] - {{SUBMODULES LICENSE CHECK PASSED}} No prohibited LICENSE file(s) was found in project submodules
2022-12-04 03:22:22 - [ERROR] - SPDX COMPLIANCE FILE UNICODE DECODE EXCEPTION in (/root/gf180-demo/caravel_user_project/venv/lib/python3.10/site-packages/pip/_vendor/distlib/w64-arm.exe): 'utf-8' codec can't decode byte 0x90 in position 2: invalid start byte
2022-12-04 03:22:22 - [ERROR] - SPDX COMPLIANCE FILE UNICODE DECODE EXCEPTION in (/root/gf180-demo/caravel_user_project/venv/lib/python3.10/site-packages/pip/_vendor/distlib/w64.exe): 'utf-8' codec can't decode byte 0x90 in position 2: invalid start byte
2022-12-04 03:22:22 - [ERROR] - SPDX COMPLIANCE FILE UNICODE DECODE EXCEPTION in (/root/gf180-demo/caravel_user_project/venv/lib/python3.10/site-packages/pip/_vendor/distlib/w32.exe): 'utf-8' codec can't decode byte 0x90 in position 2: invalid start byte
2022-12-04 03:22:22 - [ERROR] - SPDX COMPLIANCE FILE UNICODE DECODE EXCEPTION in (/root/gf180-demo/caravel_user_project/venv/lib/python3.10/site-packages/pip/_vendor/distlib/t64-arm.exe): 'utf-8' codec can't decode byte 0x90 in position 2: invalid start byte
2022-12-04 03:22:22 - [ERROR] - SPDX COMPLIANCE FILE UNICODE DECODE EXCEPTION in (/root/gf180-demo/caravel_user_project/venv/lib/python3.10/site-packages/pip/_vendor/distlib/t64.exe): 'utf-8' codec can't decode byte 0x90 in position 2: invalid start byte
2022-12-04 03:22:22 - [ERROR] - SPDX COMPLIANCE FILE UNICODE DECODE EXCEPTION in (/root/gf180-demo/caravel_user_project/venv/lib/python3.10/site-packages/pip/_vendor/distlib/t32.exe): 'utf-8' codec can't decode byte 0x90 in position 2: invalid start byte
2022-12-04 03:22:22 - [ERROR] - SPDX COMPLIANCE FILE UNICODE DECODE EXCEPTION in (/root/gf180-demo/caravel_user_project/venv/lib/python3.10/site-packages/setuptools/gui-arm64.exe): 'utf-8' codec can't decode byte 0x90 in position 2: invalid start byte
2022-12-04 03:22:22 - [ERROR] - SPDX COMPLIANCE FILE UNICODE DECODE EXCEPTION in (/root/gf180-demo/caravel_user_project/venv/lib/python3.10/site-packages/setuptools/gui-64.exe): 'utf-8' codec can't decode byte 0x90 in position 2: invalid start byte
2022-12-04 03:22:22 - [ERROR] - SPDX COMPLIANCE FILE UNICODE DECODE EXCEPTION in (/root/gf180-demo/caravel_user_project/venv/lib/python3.10/site-packages/setuptools/cli-64.exe): 'utf-8' codec can't decode byte 0x90 in position 2: invalid start byte
2022-12-04 03:22:22 - [ERROR] - SPDX COMPLIANCE FILE UNICODE DECODE EXCEPTION in (/root/gf180-demo/caravel_user_project/venv/lib/python3.10/site-packages/setuptools/cli.exe): 'utf-8' codec can't decode byte 0x90 in position 2: invalid start byte
2022-12-04 03:22:22 - [ERROR] - SPDX COMPLIANCE FILE UNICODE DECODE EXCEPTION in (/root/gf180-demo/caravel_user_project/venv/lib/python3.10/site-packages/setuptools/cli-arm64.exe): 'utf-8' codec can't decode byte 0x90 in position 2: invalid start byte
2022-12-04 03:22:22 - [ERROR] - SPDX COMPLIANCE FILE UNICODE DECODE EXCEPTION in (/root/gf180-demo/caravel_user_project/venv/lib/python3.10/site-packages/setuptools/gui.exe): 'utf-8' codec can't decode byte 0x90 in position 2: invalid start byte
2022-12-04 03:22:22 - [ERROR] - SPDX COMPLIANCE FILE UNICODE DECODE EXCEPTION in (/root/gf180-demo/caravel_user_project/venv/lib/python3.10/site-packages/setuptools/gui-32.exe): 'utf-8' codec can't decode byte 0x90 in position 2: invalid start byte
2022-12-04 03:22:22 - [ERROR] - SPDX COMPLIANCE FILE UNICODE DECODE EXCEPTION in (/root/gf180-demo/caravel_user_project/venv/lib/python3.10/site-packages/setuptools/cli-32.exe): 'utf-8' codec can't decode byte 0x90 in position 2: invalid start byte
2022-12-04 03:22:22 - [ERROR] - SPDX COMPLIANCE FILE UNICODE DECODE EXCEPTION in (/root/gf180-demo/caravel_user_project/venv/bin/python3): 'utf-8' codec can't decode byte 0xf8 in position 96: invalid start byte
2022-12-04 03:22:22 - [ERROR] - SPDX COMPLIANCE FILE UNICODE DECODE EXCEPTION in (/root/gf180-demo/caravel_user_project/venv/bin/python3.10): 'utf-8' codec can't decode byte 0xf8 in position 96: invalid start byte
2022-12-04 03:22:22 - [ERROR] - SPDX COMPLIANCE FILE UNICODE DECODE EXCEPTION in (/root/gf180-demo/caravel_user_project/venv/bin/python): 'utf-8' codec can't decode byte 0xf8 in position 96: invalid start byte
2022-12-04 03:22:22 - [ERROR] - SPDX COMPLIANCE FILE UNICODE DECODE EXCEPTION in (/root/gf180-demo/caravel_user_project/openlane/user_project_wrapper/runs/22_12_03_20_48/tmp/floorplan/3-initial_fp.odb): 'utf-8' codec can't decode byte 0xe6 in position 16: invalid continuation byte
2022-12-04 03:22:26 - [ERROR] - SPDX COMPLIANCE FILE UNICODE DECODE EXCEPTION in (/root/gf180-demo/caravel_user_project/openlane/user_project_wrapper/runs/22_12_03_20_47/tmp/floorplan/3-initial_fp.odb): 'utf-8' codec can't decode byte 0xe6 in position 16: invalid continuation byte
2022-12-04 03:22:29 - [ERROR] - SPDX COMPLIANCE FILE UNICODE DECODE EXCEPTION in (/root/gf180-demo/caravel_user_project/openlane/user_project_wrapper/runs/22_12_03_21_04/tmp/floorplan/3-initial_fp.odb): 'utf-8' codec can't decode byte 0xe6 in position 16: invalid continuation byte
2022-12-04 03:22:32 - [ERROR] - SPDX COMPLIANCE FILE UNICODE DECODE EXCEPTION in (/root/gf180-demo/caravel_user_project/openlane/user_project_wrapper/runs/22_12_03_21_07/tmp/floorplan/3-initial_fp.odb): 'utf-8' codec can't decode byte 0xe6 in position 16: invalid continuation byte
2022-12-04 03:22:35 - [ERROR] - SPDX COMPLIANCE FILE UNICODE DECODE EXCEPTION in (/root/gf180-demo/caravel_user_project/openlane/user_project_wrapper/runs/22_12_03_22_17/results/routing/user_project_wrapper.odb): 'utf-8' codec can't decode byte 0xe6 in position 16: invalid continuation byte
2022-12-04 03:22:35 - [ERROR] - SPDX COMPLIANCE FILE UNICODE DECODE EXCEPTION in (/root/gf180-demo/caravel_user_project/openlane/user_project_wrapper/runs/22_12_03_22_17/results/placement/user_project_wrapper.odb): 'utf-8' codec can't decode byte 0xe6 in position 16: invalid continuation byte
2022-12-04 03:22:35 - [ERROR] - SPDX COMPLIANCE FILE UNICODE DECODE EXCEPTION in (/root/gf180-demo/caravel_user_project/openlane/user_project_wrapper/runs/22_12_03_22_17/tmp/9-user_project_wrapper.odb): 'utf-8' codec can't decode byte 0xe6 in position 16: invalid continuation byte
2022-12-04 03:22:35 - [ERROR] - SPDX COMPLIANCE FILE UNICODE DECODE EXCEPTION in (/root/gf180-demo/caravel_user_project/openlane/user_project_wrapper/runs/22_12_03_22_17/tmp/floorplan/3-initial_fp.odb): 'utf-8' codec can't decode byte 0xe6 in position 16: invalid continuation byte
2022-12-04 03:22:35 - [ERROR] - SPDX COMPLIANCE FILE UNICODE DECODE EXCEPTION in (/root/gf180-demo/caravel_user_project/openlane/user_project_wrapper/runs/22_12_03_22_17/tmp/floorplan/4-io.odb): 'utf-8' codec can't decode byte 0xe6 in position 16: invalid continuation byte
2022-12-04 03:22:35 - [ERROR] - SPDX COMPLIANCE FILE UNICODE DECODE EXCEPTION in (/root/gf180-demo/caravel_user_project/openlane/user_project_wrapper/runs/22_12_03_22_17/tmp/floorplan/6-pdn.odb): 'utf-8' codec can't decode byte 0xe6 in position 16: invalid continuation byte
2022-12-04 03:22:35 - [ERROR] - SPDX COMPLIANCE FILE UNICODE DECODE EXCEPTION in (/root/gf180-demo/caravel_user_project/openlane/user_project_wrapper/runs/22_12_03_22_17/tmp/floorplan/4-io.macro_placement.odb): 'utf-8' codec can't decode byte 0xe6 in position 16: invalid continuation byte
2022-12-04 03:22:35 - [ERROR] - SPDX COMPLIANCE FILE UNICODE DECODE EXCEPTION in (/root/gf180-demo/caravel_user_project/openlane/user_project_wrapper/runs/22_12_03_22_17/tmp/routing/11-global.odb): 'utf-8' codec can't decode byte 0xe6 in position 16: invalid continuation byte
2022-12-04 03:22:35 - [ERROR] - SPDX COMPLIANCE FILE UNICODE DECODE EXCEPTION in (/root/gf180-demo/caravel_user_project/openlane/user_project_wrapper/runs/22_12_03_22_17/tmp/routing/diode.odb): 'utf-8' codec can't decode byte 0xe6 in position 16: invalid continuation byte
2022-12-04 03:22:36 - [ERROR] - SPDX COMPLIANCE FILE UNICODE DECODE EXCEPTION in (/root/gf180-demo/caravel_user_project/openlane/user_project_wrapper/runs/22_12_03_22_17/tmp/placement/7-global.odb): 'utf-8' codec can't decode byte 0xe6 in position 16: invalid continuation byte
2022-12-04 03:22:38 - [ERROR] - SPDX COMPLIANCE FILE UNICODE DECODE EXCEPTION in (/root/gf180-demo/caravel_user_project/openlane/user_project_wrapper/runs/22_12_03_20_53/tmp/floorplan/3-initial_fp.odb): 'utf-8' codec can't decode byte 0xe6 in position 16: invalid continuation byte
2022-12-04 03:22:41 - [ERROR] - SPDX COMPLIANCE FILE UNICODE DECODE EXCEPTION in (/root/gf180-demo/caravel_user_project/openlane/user_project_wrapper/runs/22_12_03_21_14/results/routing/user_project_wrapper.odb): 'utf-8' codec can't decode byte 0xe6 in position 16: invalid continuation byte
2022-12-04 03:22:41 - [ERROR] - SPDX COMPLIANCE FILE UNICODE DECODE EXCEPTION in (/root/gf180-demo/caravel_user_project/openlane/user_project_wrapper/runs/22_12_03_21_14/results/placement/user_project_wrapper.odb): 'utf-8' codec can't decode byte 0xe6 in position 16: invalid continuation byte
2022-12-04 03:22:41 - [ERROR] - SPDX COMPLIANCE FILE UNICODE DECODE EXCEPTION in (/root/gf180-demo/caravel_user_project/openlane/user_project_wrapper/runs/22_12_03_21_14/tmp/9-user_project_wrapper.odb): 'utf-8' codec can't decode byte 0xe6 in position 16: invalid continuation byte
2022-12-04 03:22:41 - [ERROR] - SPDX COMPLIANCE FILE UNICODE DECODE EXCEPTION in (/root/gf180-demo/caravel_user_project/openlane/user_project_wrapper/runs/22_12_03_21_14/tmp/floorplan/3-initial_fp.odb): 'utf-8' codec can't decode byte 0xe6 in position 16: invalid continuation byte
2022-12-04 03:22:41 - [ERROR] - SPDX COMPLIANCE FILE UNICODE DECODE EXCEPTION in (/root/gf180-demo/caravel_user_project/openlane/user_project_wrapper/runs/22_12_03_21_14/tmp/floorplan/4-io.odb): 'utf-8' codec can't decode byte 0xe6 in position 16: invalid continuation byte
2022-12-04 03:22:41 - [ERROR] - SPDX COMPLIANCE FILE UNICODE DECODE EXCEPTION in (/root/gf180-demo/caravel_user_project/openlane/user_project_wrapper/runs/22_12_03_21_14/tmp/floorplan/6-pdn.odb): 'utf-8' codec can't decode byte 0xe6 in position 16: invalid continuation byte
2022-12-04 03:22:41 - [ERROR] - SPDX COMPLIANCE FILE UNICODE DECODE EXCEPTION in (/root/gf180-demo/caravel_user_project/openlane/user_project_wrapper/runs/22_12_03_21_14/tmp/floorplan/4-io.macro_placement.odb): 'utf-8' codec can't decode byte 0xe6 in position 16: invalid continuation byte
2022-12-04 03:22:41 - [ERROR] - SPDX COMPLIANCE FILE UNICODE DECODE EXCEPTION in (/root/gf180-demo/caravel_user_project/openlane/user_project_wrapper/runs/22_12_03_21_14/tmp/routing/11-global.odb): 'utf-8' codec can't decode byte 0xe6 in position 16: invalid continuation byte
2022-12-04 03:22:41 - [ERROR] - SPDX COMPLIANCE FILE UNICODE DECODE EXCEPTION in (/root/gf180-demo/caravel_user_project/openlane/user_project_wrapper/runs/22_12_03_21_14/tmp/routing/diode.odb): 'utf-8' codec can't decode byte 0xe6 in position 16: invalid continuation byte
2022-12-04 03:22:41 - [ERROR] - SPDX COMPLIANCE FILE UNICODE DECODE EXCEPTION in (/root/gf180-demo/caravel_user_project/openlane/user_project_wrapper/runs/22_12_03_21_14/tmp/placement/7-global.odb): 'utf-8' codec can't decode byte 0xe6 in position 16: invalid continuation byte
2022-12-04 03:22:44 - [ERROR] - SPDX COMPLIANCE FILE UNICODE DECODE EXCEPTION in (/root/gf180-demo/caravel_user_project/openlane/user_project_wrapper/runs/22_12_03_20_44/tmp/floorplan/3-initial_fp.odb): 'utf-8' codec can't decode byte 0xe5 in position 16: invalid continuation byte
2022-12-04 03:22:48 - [ERROR] - SPDX COMPLIANCE FILE UNICODE DECODE EXCEPTION in (/root/gf180-demo/caravel_user_project/openlane/user_project_wrapper/runs/22_12_03_21_12/tmp/floorplan/3-initial_fp.odb): 'utf-8' codec can't decode byte 0xe6 in position 16: invalid continuation byte
2022-12-04 03:22:51 - [ERROR] - SPDX COMPLIANCE FILE UNICODE DECODE EXCEPTION in (/root/gf180-demo/caravel_user_project/openlane/user_project_wrapper/runs/22_12_03_20_43/tmp/floorplan/3-initial_fp.odb): 'utf-8' codec can't decode byte 0xe6 in position 16: invalid continuation byte
2022-12-04 03:22:55 - [ERROR] - SPDX COMPLIANCE FILE UNICODE DECODE EXCEPTION in (/root/gf180-demo/caravel_user_project/openlane/user_project_wrapper/runs/22_12_03_20_41/tmp/floorplan/3-initial_fp.odb): 'utf-8' codec can't decode byte 0xe6 in position 16: invalid continuation byte
2022-12-04 03:22:59 - [ERROR] - SPDX COMPLIANCE FILE UNICODE DECODE EXCEPTION in (/root/gf180-demo/caravel_user_project/openlane/user_project_wrapper/runs/22_12_03_20_51/tmp/floorplan/3-initial_fp.odb): 'utf-8' codec can't decode byte 0xe6 in position 16: invalid continuation byte
2022-12-04 03:23:02 - [ERROR] - SPDX COMPLIANCE FILE UNICODE DECODE EXCEPTION in (/root/gf180-demo/caravel_user_project/openlane/user_project_wrapper/runs/22_12_03_22_16/results/routing/user_project_wrapper.odb): 'utf-8' codec can't decode byte 0xe6 in position 16: invalid continuation byte
2022-12-04 03:23:02 - [ERROR] - SPDX COMPLIANCE FILE UNICODE DECODE EXCEPTION in (/root/gf180-demo/caravel_user_project/openlane/user_project_wrapper/runs/22_12_03_22_16/results/placement/user_project_wrapper.odb): 'utf-8' codec can't decode byte 0xe6 in position 16: invalid continuation byte
2022-12-04 03:23:02 - [ERROR] - SPDX COMPLIANCE FILE UNICODE DECODE EXCEPTION in (/root/gf180-demo/caravel_user_project/openlane/user_project_wrapper/runs/22_12_03_22_16/tmp/9-user_project_wrapper.odb): 'utf-8' codec can't decode byte 0xe6 in position 16: invalid continuation byte
2022-12-04 03:23:02 - [ERROR] - SPDX COMPLIANCE FILE UNICODE DECODE EXCEPTION in (/root/gf180-demo/caravel_user_project/openlane/user_project_wrapper/runs/22_12_03_22_16/tmp/floorplan/3-initial_fp.odb): 'utf-8' codec can't decode byte 0xe6 in position 16: invalid continuation byte
2022-12-04 03:23:02 - [ERROR] - SPDX COMPLIANCE FILE UNICODE DECODE EXCEPTION in (/root/gf180-demo/caravel_user_project/openlane/user_project_wrapper/runs/22_12_03_22_16/tmp/floorplan/4-io.odb): 'utf-8' codec can't decode byte 0xe6 in position 16: invalid continuation byte
2022-12-04 03:23:02 - [ERROR] - SPDX COMPLIANCE FILE UNICODE DECODE EXCEPTION in (/root/gf180-demo/caravel_user_project/openlane/user_project_wrapper/runs/22_12_03_22_16/tmp/floorplan/6-pdn.odb): 'utf-8' codec can't decode byte 0xe6 in position 16: invalid continuation byte
2022-12-04 03:23:02 - [ERROR] - SPDX COMPLIANCE FILE UNICODE DECODE EXCEPTION in (/root/gf180-demo/caravel_user_project/openlane/user_project_wrapper/runs/22_12_03_22_16/tmp/floorplan/4-io.macro_placement.odb): 'utf-8' codec can't decode byte 0xe6 in position 16: invalid continuation byte
2022-12-04 03:23:02 - [ERROR] - SPDX COMPLIANCE FILE UNICODE DECODE EXCEPTION in (/root/gf180-demo/caravel_user_project/openlane/user_project_wrapper/runs/22_12_03_22_16/tmp/routing/11-global.odb): 'utf-8' codec can't decode byte 0xe6 in position 16: invalid continuation byte
2022-12-04 03:23:02 - [ERROR] - SPDX COMPLIANCE FILE UNICODE DECODE EXCEPTION in (/root/gf180-demo/caravel_user_project/openlane/user_project_wrapper/runs/22_12_03_22_16/tmp/routing/diode.odb): 'utf-8' codec can't decode byte 0xe6 in position 16: invalid continuation byte
2022-12-04 03:23:03 - [ERROR] - SPDX COMPLIANCE FILE UNICODE DECODE EXCEPTION in (/root/gf180-demo/caravel_user_project/openlane/user_project_wrapper/runs/22_12_03_22_16/tmp/placement/7-global.odb): 'utf-8' codec can't decode byte 0xe6 in position 16: invalid continuation byte
2022-12-04 03:23:04 - [ERROR] - SPDX COMPLIANCE FILE UNICODE DECODE EXCEPTION in (/root/gf180-demo/caravel_user_project/openlane/user_project_wrapper/runs/22_12_03_20_58/tmp/floorplan/3-initial_fp.odb): 'utf-8' codec can't decode byte 0xe5 in position 16: invalid continuation byte
2022-12-04 03:23:08 - [ERROR] - SPDX COMPLIANCE FILE UNICODE DECODE EXCEPTION in (/root/gf180-demo/caravel_user_project/openlane/top_wrapper/runs/22_12_03_18_18/results/floorplan/top_wrapper.odb): 'utf-8' codec can't decode byte 0xe5 in position 16: invalid continuation byte
2022-12-04 03:23:08 - [ERROR] - SPDX COMPLIANCE FILE UNICODE DECODE EXCEPTION in (/root/gf180-demo/caravel_user_project/openlane/top_wrapper/runs/22_12_03_18_18/results/routing/top_wrapper.odb): 'utf-8' codec can't decode byte 0xe5 in position 16: invalid continuation byte
2022-12-04 03:23:08 - [ERROR] - SPDX COMPLIANCE FILE UNICODE DECODE EXCEPTION in (/root/gf180-demo/caravel_user_project/openlane/top_wrapper/runs/22_12_03_18_18/results/cts/top_wrapper.odb): 'utf-8' codec can't decode byte 0xe5 in position 16: invalid continuation byte
2022-12-04 03:23:08 - [ERROR] - SPDX COMPLIANCE FILE UNICODE DECODE EXCEPTION in (/root/gf180-demo/caravel_user_project/openlane/top_wrapper/runs/22_12_03_18_18/results/placement/top_wrapper.odb): 'utf-8' codec can't decode byte 0xe5 in position 16: invalid continuation byte
2022-12-04 03:23:08 - [ERROR] - SPDX COMPLIANCE FILE UNICODE DECODE EXCEPTION in (/root/gf180-demo/caravel_user_project/openlane/top_wrapper/runs/22_12_03_18_18/tmp/12-top_wrapper.odb): 'utf-8' codec can't decode byte 0xe5 in position 16: invalid continuation byte
2022-12-04 03:23:08 - [ERROR] - SPDX COMPLIANCE FILE UNICODE DECODE EXCEPTION in (/root/gf180-demo/caravel_user_project/openlane/top_wrapper/runs/22_12_03_18_18/tmp/floorplan/3-initial_fp.odb): 'utf-8' codec can't decode byte 0xe5 in position 16: invalid continuation byte
2022-12-04 03:23:08 - [ERROR] - SPDX COMPLIANCE FILE UNICODE DECODE EXCEPTION in (/root/gf180-demo/caravel_user_project/openlane/top_wrapper/runs/22_12_03_18_18/tmp/floorplan/4-io.odb): 'utf-8' codec can't decode byte 0xe5 in position 16: invalid continuation byte
2022-12-04 03:23:08 - [ERROR] - SPDX COMPLIANCE FILE UNICODE DECODE EXCEPTION in (/root/gf180-demo/caravel_user_project/openlane/top_wrapper/runs/22_12_03_18_18/tmp/floorplan/6-pdn.odb): 'utf-8' codec can't decode byte 0xe5 in position 16: invalid continuation byte
2022-12-04 03:23:08 - [ERROR] - SPDX COMPLIANCE FILE UNICODE DECODE EXCEPTION in (/root/gf180-demo/caravel_user_project/openlane/top_wrapper/runs/22_12_03_18_18/tmp/routing/16-global.odb): 'utf-8' codec can't decode byte 0xe5 in position 16: invalid continuation byte
2022-12-04 03:23:08 - [ERROR] - SPDX COMPLIANCE FILE UNICODE DECODE EXCEPTION in (/root/gf180-demo/caravel_user_project/openlane/top_wrapper/runs/22_12_03_18_18/tmp/routing/13-diodes.odb): 'utf-8' codec can't decode byte 0xe5 in position 16: invalid continuation byte
2022-12-04 03:23:08 - [ERROR] - SPDX COMPLIANCE FILE UNICODE DECODE EXCEPTION in (/root/gf180-demo/caravel_user_project/openlane/top_wrapper/runs/22_12_03_18_18/tmp/routing/15-fill.odb): 'utf-8' codec can't decode byte 0xe5 in position 16: invalid continuation byte
2022-12-04 03:23:08 - [ERROR] - SPDX COMPLIANCE FILE UNICODE DECODE EXCEPTION in (/root/gf180-demo/caravel_user_project/openlane/top_wrapper/runs/22_12_03_18_18/tmp/routing/diodes.odb): 'utf-8' codec can't decode byte 0xe5 in position 16: invalid continuation byte
2022-12-04 03:23:08 - [ERROR] - SPDX COMPLIANCE FILE UNICODE DECODE EXCEPTION in (/root/gf180-demo/caravel_user_project/openlane/top_wrapper/runs/22_12_03_18_18/tmp/cts/11-top_wrapper.resized.odb): 'utf-8' codec can't decode byte 0xe5 in position 16: invalid continuation byte
2022-12-04 03:23:09 - [ERROR] - SPDX COMPLIANCE FILE UNICODE DECODE EXCEPTION in (/root/gf180-demo/caravel_user_project/openlane/top_wrapper/runs/22_12_03_18_18/tmp/placement/7-global.odb): 'utf-8' codec can't decode byte 0xe5 in position 16: invalid continuation byte
2022-12-04 03:23:09 - [ERROR] - SPDX COMPLIANCE FILE UNICODE DECODE EXCEPTION in (/root/gf180-demo/caravel_user_project/openlane/top_wrapper/runs/22_12_03_18_18/tmp/placement/8-resizer.odb): 'utf-8' codec can't decode byte 0xe5 in position 16: invalid continuation byte
2022-12-04 03:23:11 - [ERROR] - SPDX COMPLIANCE FILE UNICODE DECODE EXCEPTION in (/root/gf180-demo/caravel_user_project/openlane/top_wrapper/runs/22_12_03_19_01/results/floorplan/top_wrapper.odb): 'utf-8' codec can't decode byte 0xe6 in position 16: invalid continuation byte
2022-12-04 03:23:11 - [ERROR] - SPDX COMPLIANCE FILE UNICODE DECODE EXCEPTION in (/root/gf180-demo/caravel_user_project/openlane/top_wrapper/runs/22_12_03_19_01/results/routing/top_wrapper.odb): 'utf-8' codec can't decode byte 0xe6 in position 16: invalid continuation byte
2022-12-04 03:23:11 - [ERROR] - SPDX COMPLIANCE FILE UNICODE DECODE EXCEPTION in (/root/gf180-demo/caravel_user_project/openlane/top_wrapper/runs/22_12_03_19_01/results/cts/top_wrapper.odb): 'utf-8' codec can't decode byte 0xe6 in position 16: invalid continuation byte
2022-12-04 03:23:11 - [ERROR] - SPDX COMPLIANCE FILE UNICODE DECODE EXCEPTION in (/root/gf180-demo/caravel_user_project/openlane/top_wrapper/runs/22_12_03_19_01/results/placement/top_wrapper.odb): 'utf-8' codec can't decode byte 0xe6 in position 16: invalid continuation byte
2022-12-04 03:23:11 - [ERROR] - SPDX COMPLIANCE FILE UNICODE DECODE EXCEPTION in (/root/gf180-demo/caravel_user_project/openlane/top_wrapper/runs/22_12_03_19_01/tmp/14-top_wrapper.odb): 'utf-8' codec can't decode byte 0xe6 in position 16: invalid continuation byte
2022-12-04 03:23:11 - [ERROR] - SPDX COMPLIANCE FILE UNICODE DECODE EXCEPTION in (/root/gf180-demo/caravel_user_project/openlane/top_wrapper/runs/22_12_03_19_01/tmp/floorplan/3-initial_fp.odb): 'utf-8' codec can't decode byte 0xe6 in position 16: invalid continuation byte
2022-12-04 03:23:11 - [ERROR] - SPDX COMPLIANCE FILE UNICODE DECODE EXCEPTION in (/root/gf180-demo/caravel_user_project/openlane/top_wrapper/runs/22_12_03_19_01/tmp/floorplan/4-io.odb): 'utf-8' codec can't decode byte 0xe6 in position 16: invalid continuation byte
2022-12-04 03:23:11 - [ERROR] - SPDX COMPLIANCE FILE UNICODE DECODE EXCEPTION in (/root/gf180-demo/caravel_user_project/openlane/top_wrapper/runs/22_12_03_19_01/tmp/floorplan/8-pdn.odb): 'utf-8' codec can't decode byte 0xe6 in position 16: invalid continuation byte
2022-12-04 03:23:11 - [ERROR] - SPDX COMPLIANCE FILE UNICODE DECODE EXCEPTION in (/root/gf180-demo/caravel_user_project/openlane/top_wrapper/runs/22_12_03_19_01/tmp/routing/15-diodes.odb): 'utf-8' codec can't decode byte 0xe6 in position 16: invalid continuation byte
2022-12-04 03:23:11 - [ERROR] - SPDX COMPLIANCE FILE UNICODE DECODE EXCEPTION in (/root/gf180-demo/caravel_user_project/openlane/top_wrapper/runs/22_12_03_19_01/tmp/routing/17-fill.odb): 'utf-8' codec can't decode byte 0xe6 in position 16: invalid continuation byte
2022-12-04 03:23:11 - [ERROR] - SPDX COMPLIANCE FILE UNICODE DECODE EXCEPTION in (/root/gf180-demo/caravel_user_project/openlane/top_wrapper/runs/22_12_03_19_01/tmp/routing/18-global.odb): 'utf-8' codec can't decode byte 0xe6 in position 16: invalid continuation byte
2022-12-04 03:23:11 - [ERROR] - SPDX COMPLIANCE FILE UNICODE DECODE EXCEPTION in (/root/gf180-demo/caravel_user_project/openlane/top_wrapper/runs/22_12_03_19_01/tmp/routing/diodes.odb): 'utf-8' codec can't decode byte 0xe6 in position 16: invalid continuation byte
2022-12-04 03:23:11 - [ERROR] - SPDX COMPLIANCE FILE UNICODE DECODE EXCEPTION in (/root/gf180-demo/caravel_user_project/openlane/top_wrapper/runs/22_12_03_19_01/tmp/cts/13-top_wrapper.resized.odb): 'utf-8' codec can't decode byte 0xe6 in position 16: invalid continuation byte
2022-12-04 03:23:12 - [ERROR] - SPDX COMPLIANCE FILE UNICODE DECODE EXCEPTION in (/root/gf180-demo/caravel_user_project/openlane/top_wrapper/runs/22_12_03_19_01/tmp/placement/9-global.odb): 'utf-8' codec can't decode byte 0xe6 in position 16: invalid continuation byte
2022-12-04 03:23:12 - [ERROR] - SPDX COMPLIANCE FILE UNICODE DECODE EXCEPTION in (/root/gf180-demo/caravel_user_project/openlane/top_wrapper/runs/22_12_03_19_01/tmp/placement/6-macros_placed.odb): 'utf-8' codec can't decode byte 0xe6 in position 16: invalid continuation byte
2022-12-04 03:23:12 - [ERROR] - SPDX COMPLIANCE FILE UNICODE DECODE EXCEPTION in (/root/gf180-demo/caravel_user_project/openlane/top_wrapper/runs/22_12_03_19_01/tmp/placement/5-global.odb): 'utf-8' codec can't decode byte 0xe6 in position 16: invalid continuation byte
2022-12-04 03:23:12 - [ERROR] - SPDX COMPLIANCE FILE UNICODE DECODE EXCEPTION in (/root/gf180-demo/caravel_user_project/openlane/top_wrapper/runs/22_12_03_19_01/tmp/placement/10-resizer.odb): 'utf-8' codec can't decode byte 0xe6 in position 16: invalid continuation byte
2022-12-04 03:23:14 - [ERROR] - SPDX COMPLIANCE FILE UNICODE DECODE EXCEPTION in (/root/gf180-demo/caravel_user_project/openlane/top_wrapper/runs/22_12_03_20_35/results/floorplan/top_wrapper.odb): 'utf-8' codec can't decode byte 0xe6 in position 16: invalid continuation byte
2022-12-04 03:23:14 - [ERROR] - SPDX COMPLIANCE FILE UNICODE DECODE EXCEPTION in (/root/gf180-demo/caravel_user_project/openlane/top_wrapper/runs/22_12_03_20_35/results/routing/top_wrapper.odb): 'utf-8' codec can't decode byte 0xe6 in position 16: invalid continuation byte
2022-12-04 03:23:14 - [ERROR] - SPDX COMPLIANCE FILE UNICODE DECODE EXCEPTION in (/root/gf180-demo/caravel_user_project/openlane/top_wrapper/runs/22_12_03_20_35/results/cts/top_wrapper.odb): 'utf-8' codec can't decode byte 0xe6 in position 16: invalid continuation byte
2022-12-04 03:23:14 - [ERROR] - SPDX COMPLIANCE FILE UNICODE DECODE EXCEPTION in (/root/gf180-demo/caravel_user_project/openlane/top_wrapper/runs/22_12_03_20_35/results/placement/top_wrapper.odb): 'utf-8' codec can't decode byte 0xe6 in position 16: invalid continuation byte
2022-12-04 03:23:14 - [ERROR] - SPDX COMPLIANCE FILE UNICODE DECODE EXCEPTION in (/root/gf180-demo/caravel_user_project/openlane/top_wrapper/runs/22_12_03_20_35/tmp/14-top_wrapper.odb): 'utf-8' codec can't decode byte 0xe6 in position 16: invalid continuation byte
2022-12-04 03:23:14 - [ERROR] - SPDX COMPLIANCE FILE UNICODE DECODE EXCEPTION in (/root/gf180-demo/caravel_user_project/openlane/top_wrapper/runs/22_12_03_20_35/tmp/floorplan/3-initial_fp.odb): 'utf-8' codec can't decode byte 0xe6 in position 16: invalid continuation byte
2022-12-04 03:23:14 - [ERROR] - SPDX COMPLIANCE FILE UNICODE DECODE EXCEPTION in (/root/gf180-demo/caravel_user_project/openlane/top_wrapper/runs/22_12_03_20_35/tmp/floorplan/4-io.odb): 'utf-8' codec can't decode byte 0xe6 in position 16: invalid continuation byte
2022-12-04 03:23:14 - [ERROR] - SPDX COMPLIANCE FILE UNICODE DECODE EXCEPTION in (/root/gf180-demo/caravel_user_project/openlane/top_wrapper/runs/22_12_03_20_35/tmp/floorplan/8-pdn.odb): 'utf-8' codec can't decode byte 0xe6 in position 16: invalid continuation byte
2022-12-04 03:23:14 - [ERROR] - SPDX COMPLIANCE FILE UNICODE DECODE EXCEPTION in (/root/gf180-demo/caravel_user_project/openlane/top_wrapper/runs/22_12_03_20_35/tmp/routing/15-diodes.odb): 'utf-8' codec can't decode byte 0xe6 in position 16: invalid continuation byte
2022-12-04 03:23:14 - [ERROR] - SPDX COMPLIANCE FILE UNICODE DECODE EXCEPTION in (/root/gf180-demo/caravel_user_project/openlane/top_wrapper/runs/22_12_03_20_35/tmp/routing/17-fill.odb): 'utf-8' codec can't decode byte 0xe6 in position 16: invalid continuation byte
2022-12-04 03:23:14 - [ERROR] - SPDX COMPLIANCE FILE UNICODE DECODE EXCEPTION in (/root/gf180-demo/caravel_user_project/openlane/top_wrapper/runs/22_12_03_20_35/tmp/routing/18-global.odb): 'utf-8' codec can't decode byte 0xe6 in position 16: invalid continuation byte
2022-12-04 03:23:14 - [ERROR] - SPDX COMPLIANCE FILE UNICODE DECODE EXCEPTION in (/root/gf180-demo/caravel_user_project/openlane/top_wrapper/runs/22_12_03_20_35/tmp/routing/diodes.odb): 'utf-8' codec can't decode byte 0xe6 in position 16: invalid continuation byte
2022-12-04 03:23:14 - [ERROR] - SPDX COMPLIANCE FILE UNICODE DECODE EXCEPTION in (/root/gf180-demo/caravel_user_project/openlane/top_wrapper/runs/22_12_03_20_35/tmp/cts/13-top_wrapper.resized.odb): 'utf-8' codec can't decode byte 0xe6 in position 16: invalid continuation byte
2022-12-04 03:23:15 - [ERROR] - SPDX COMPLIANCE FILE UNICODE DECODE EXCEPTION in (/root/gf180-demo/caravel_user_project/openlane/top_wrapper/runs/22_12_03_20_35/tmp/placement/9-global.odb): 'utf-8' codec can't decode byte 0xe6 in position 16: invalid continuation byte
2022-12-04 03:23:15 - [ERROR] - SPDX COMPLIANCE FILE UNICODE DECODE EXCEPTION in (/root/gf180-demo/caravel_user_project/openlane/top_wrapper/runs/22_12_03_20_35/tmp/placement/6-macros_placed.odb): 'utf-8' codec can't decode byte 0xe6 in position 16: invalid continuation byte
2022-12-04 03:23:15 - [ERROR] - SPDX COMPLIANCE FILE UNICODE DECODE EXCEPTION in (/root/gf180-demo/caravel_user_project/openlane/top_wrapper/runs/22_12_03_20_35/tmp/placement/5-global.odb): 'utf-8' codec can't decode byte 0xe6 in position 16: invalid continuation byte
2022-12-04 03:23:15 - [ERROR] - SPDX COMPLIANCE FILE UNICODE DECODE EXCEPTION in (/root/gf180-demo/caravel_user_project/openlane/top_wrapper/runs/22_12_03_20_35/tmp/placement/10-resizer.odb): 'utf-8' codec can't decode byte 0xe6 in position 16: invalid continuation byte
2022-12-04 03:23:17 - [ERROR] - SPDX COMPLIANCE FILE UNICODE DECODE EXCEPTION in (/root/gf180-demo/caravel_user_project/openlane/top_wrapper/runs/22_12_03_21_00/results/floorplan/top_wrapper.odb): 'utf-8' codec can't decode byte 0xe6 in position 16: invalid continuation byte
2022-12-04 03:23:17 - [ERROR] - SPDX COMPLIANCE FILE UNICODE DECODE EXCEPTION in (/root/gf180-demo/caravel_user_project/openlane/top_wrapper/runs/22_12_03_21_00/results/routing/top_wrapper.odb): 'utf-8' codec can't decode byte 0xe6 in position 16: invalid continuation byte
2022-12-04 03:23:17 - [ERROR] - SPDX COMPLIANCE FILE UNICODE DECODE EXCEPTION in (/root/gf180-demo/caravel_user_project/openlane/top_wrapper/runs/22_12_03_21_00/results/cts/top_wrapper.odb): 'utf-8' codec can't decode byte 0xe6 in position 16: invalid continuation byte
2022-12-04 03:23:17 - [ERROR] - SPDX COMPLIANCE FILE UNICODE DECODE EXCEPTION in (/root/gf180-demo/caravel_user_project/openlane/top_wrapper/runs/22_12_03_21_00/results/placement/top_wrapper.odb): 'utf-8' codec can't decode byte 0xe6 in position 16: invalid continuation byte
2022-12-04 03:23:17 - [ERROR] - SPDX COMPLIANCE FILE UNICODE DECODE EXCEPTION in (/root/gf180-demo/caravel_user_project/openlane/top_wrapper/runs/22_12_03_21_00/tmp/14-top_wrapper.odb): 'utf-8' codec can't decode byte 0xe6 in position 16: invalid continuation byte
2022-12-04 03:23:17 - [ERROR] - SPDX COMPLIANCE FILE UNICODE DECODE EXCEPTION in (/root/gf180-demo/caravel_user_project/openlane/top_wrapper/runs/22_12_03_21_00/tmp/floorplan/3-initial_fp.odb): 'utf-8' codec can't decode byte 0xe6 in position 16: invalid continuation byte
2022-12-04 03:23:17 - [ERROR] - SPDX COMPLIANCE FILE UNICODE DECODE EXCEPTION in (/root/gf180-demo/caravel_user_project/openlane/top_wrapper/runs/22_12_03_21_00/tmp/floorplan/4-io.odb): 'utf-8' codec can't decode byte 0xe6 in position 16: invalid continuation byte
2022-12-04 03:23:17 - [ERROR] - SPDX COMPLIANCE FILE UNICODE DECODE EXCEPTION in (/root/gf180-demo/caravel_user_project/openlane/top_wrapper/runs/22_12_03_21_00/tmp/floorplan/8-pdn.odb): 'utf-8' codec can't decode byte 0xe6 in position 16: invalid continuation byte
2022-12-04 03:23:17 - [ERROR] - SPDX COMPLIANCE FILE UNICODE DECODE EXCEPTION in (/root/gf180-demo/caravel_user_project/openlane/top_wrapper/runs/22_12_03_21_00/tmp/routing/15-diodes.odb): 'utf-8' codec can't decode byte 0xe6 in position 16: invalid continuation byte
2022-12-04 03:23:17 - [ERROR] - SPDX COMPLIANCE FILE UNICODE DECODE EXCEPTION in (/root/gf180-demo/caravel_user_project/openlane/top_wrapper/runs/22_12_03_21_00/tmp/routing/17-fill.odb): 'utf-8' codec can't decode byte 0xe6 in position 16: invalid continuation byte
2022-12-04 03:23:17 - [ERROR] - SPDX COMPLIANCE FILE UNICODE DECODE EXCEPTION in (/root/gf180-demo/caravel_user_project/openlane/top_wrapper/runs/22_12_03_21_00/tmp/routing/18-global.odb): 'utf-8' codec can't decode byte 0xe6 in position 16: invalid continuation byte
2022-12-04 03:23:17 - [ERROR] - SPDX COMPLIANCE FILE UNICODE DECODE EXCEPTION in (/root/gf180-demo/caravel_user_project/openlane/top_wrapper/runs/22_12_03_21_00/tmp/routing/diodes.odb): 'utf-8' codec can't decode byte 0xe6 in position 16: invalid continuation byte
2022-12-04 03:23:17 - [ERROR] - SPDX COMPLIANCE FILE UNICODE DECODE EXCEPTION in (/root/gf180-demo/caravel_user_project/openlane/top_wrapper/runs/22_12_03_21_00/tmp/cts/13-top_wrapper.resized.odb): 'utf-8' codec can't decode byte 0xe6 in position 16: invalid continuation byte
2022-12-04 03:23:18 - [ERROR] - SPDX COMPLIANCE FILE UNICODE DECODE EXCEPTION in (/root/gf180-demo/caravel_user_project/openlane/top_wrapper/runs/22_12_03_21_00/tmp/placement/9-global.odb): 'utf-8' codec can't decode byte 0xe6 in position 16: invalid continuation byte
2022-12-04 03:23:18 - [ERROR] - SPDX COMPLIANCE FILE UNICODE DECODE EXCEPTION in (/root/gf180-demo/caravel_user_project/openlane/top_wrapper/runs/22_12_03_21_00/tmp/placement/6-macros_placed.odb): 'utf-8' codec can't decode byte 0xe6 in position 16: invalid continuation byte
2022-12-04 03:23:18 - [ERROR] - SPDX COMPLIANCE FILE UNICODE DECODE EXCEPTION in (/root/gf180-demo/caravel_user_project/openlane/top_wrapper/runs/22_12_03_21_00/tmp/placement/5-global.odb): 'utf-8' codec can't decode byte 0xe6 in position 16: invalid continuation byte
2022-12-04 03:23:18 - [ERROR] - SPDX COMPLIANCE FILE UNICODE DECODE EXCEPTION in (/root/gf180-demo/caravel_user_project/openlane/top_wrapper/runs/22_12_03_21_00/tmp/placement/10-resizer.odb): 'utf-8' codec can't decode byte 0xe6 in position 16: invalid continuation byte
2022-12-04 03:23:20 - [ERROR] - SPDX COMPLIANCE FILE UNICODE DECODE EXCEPTION in (/root/gf180-demo/caravel_user_project/openlane/user_proj_example/runs/22_12_03_18_46/results/floorplan/user_proj_example.odb): 'utf-8' codec can't decode byte 0xe5 in position 16: invalid continuation byte
2022-12-04 03:23:20 - [ERROR] - SPDX COMPLIANCE FILE UNICODE DECODE EXCEPTION in (/root/gf180-demo/caravel_user_project/openlane/user_proj_example/runs/22_12_03_18_46/results/routing/user_proj_example.odb): 'utf-8' codec can't decode byte 0xe5 in position 16: invalid continuation byte
2022-12-04 03:23:21 - [ERROR] - SPDX COMPLIANCE FILE UNICODE DECODE EXCEPTION in (/root/gf180-demo/caravel_user_project/openlane/user_proj_example/runs/22_12_03_18_46/results/cts/user_proj_example.odb): 'utf-8' codec can't decode byte 0xe5 in position 16: invalid continuation byte
2022-12-04 03:23:21 - [ERROR] - SPDX COMPLIANCE FILE UNICODE DECODE EXCEPTION in (/root/gf180-demo/caravel_user_project/openlane/user_proj_example/runs/22_12_03_18_46/results/placement/user_proj_example.odb): 'utf-8' codec can't decode byte 0xe5 in position 16: invalid continuation byte
2022-12-04 03:23:21 - [ERROR] - SPDX COMPLIANCE FILE UNICODE DECODE EXCEPTION in (/root/gf180-demo/caravel_user_project/openlane/user_proj_example/runs/22_12_03_18_46/tmp/12-user_proj_example.odb): 'utf-8' codec can't decode byte 0xe5 in position 16: invalid continuation byte
2022-12-04 03:23:21 - [ERROR] - SPDX COMPLIANCE FILE UNICODE DECODE EXCEPTION in (/root/gf180-demo/caravel_user_project/openlane/user_proj_example/runs/22_12_03_18_46/tmp/floorplan/3-initial_fp.odb): 'utf-8' codec can't decode byte 0xe5 in position 16: invalid continuation byte
2022-12-04 03:23:21 - [ERROR] - SPDX COMPLIANCE FILE UNICODE DECODE EXCEPTION in (/root/gf180-demo/caravel_user_project/openlane/user_proj_example/runs/22_12_03_18_46/tmp/floorplan/4-io.odb): 'utf-8' codec can't decode byte 0xe5 in position 16: invalid continuation byte
2022-12-04 03:23:21 - [ERROR] - SPDX COMPLIANCE FILE UNICODE DECODE EXCEPTION in (/root/gf180-demo/caravel_user_project/openlane/user_proj_example/runs/22_12_03_18_46/tmp/floorplan/6-pdn.odb): 'utf-8' codec can't decode byte 0xe5 in position 16: invalid continuation byte
2022-12-04 03:23:21 - [ERROR] - SPDX COMPLIANCE FILE UNICODE DECODE EXCEPTION in (/root/gf180-demo/caravel_user_project/openlane/user_proj_example/runs/22_12_03_18_46/tmp/routing/16-global.odb): 'utf-8' codec can't decode byte 0xe5 in position 16: invalid continuation byte
2022-12-04 03:23:21 - [ERROR] - SPDX COMPLIANCE FILE UNICODE DECODE EXCEPTION in (/root/gf180-demo/caravel_user_project/openlane/user_proj_example/runs/22_12_03_18_46/tmp/routing/13-diodes.odb): 'utf-8' codec can't decode byte 0xe5 in position 16: invalid continuation byte
2022-12-04 03:23:21 - [ERROR] - SPDX COMPLIANCE FILE UNICODE DECODE EXCEPTION in (/root/gf180-demo/caravel_user_project/openlane/user_proj_example/runs/22_12_03_18_46/tmp/routing/15-fill.odb): 'utf-8' codec can't decode byte 0xe5 in position 16: invalid continuation byte
2022-12-04 03:23:21 - [ERROR] - SPDX COMPLIANCE FILE UNICODE DECODE EXCEPTION in (/root/gf180-demo/caravel_user_project/openlane/user_proj_example/runs/22_12_03_18_46/tmp/routing/diodes.odb): 'utf-8' codec can't decode byte 0xe5 in position 16: invalid continuation byte
2022-12-04 03:23:21 - [ERROR] - SPDX COMPLIANCE FILE UNICODE DECODE EXCEPTION in (/root/gf180-demo/caravel_user_project/openlane/user_proj_example/runs/22_12_03_18_46/tmp/cts/11-user_proj_example.resized.odb): 'utf-8' codec can't decode byte 0xe5 in position 16: invalid continuation byte
2022-12-04 03:23:22 - [ERROR] - SPDX COMPLIANCE FILE UNICODE DECODE EXCEPTION in (/root/gf180-demo/caravel_user_project/openlane/user_proj_example/runs/22_12_03_18_46/tmp/placement/7-global.odb): 'utf-8' codec can't decode byte 0xe5 in position 16: invalid continuation byte
2022-12-04 03:23:22 - [ERROR] - SPDX COMPLIANCE FILE UNICODE DECODE EXCEPTION in (/root/gf180-demo/caravel_user_project/openlane/user_proj_example/runs/22_12_03_18_46/tmp/placement/8-resizer.odb): 'utf-8' codec can't decode byte 0xe5 in position 16: invalid continuation byte
2022-12-04 03:23:24 - [ERROR] - SPDX COMPLIANCE FILE UNICODE DECODE EXCEPTION in (/root/gf180-demo/caravel_user_project/openlane/user_proj_example/runs/22_12_02_23_04/results/floorplan/user_proj_example.odb): 'utf-8' codec can't decode byte 0xe5 in position 16: invalid continuation byte
2022-12-04 03:23:24 - [ERROR] - SPDX COMPLIANCE FILE UNICODE DECODE EXCEPTION in (/root/gf180-demo/caravel_user_project/openlane/user_proj_example/runs/22_12_02_23_04/results/routing/user_proj_example.odb): 'utf-8' codec can't decode byte 0xe5 in position 16: invalid continuation byte
2022-12-04 03:23:25 - [ERROR] - SPDX COMPLIANCE FILE UNICODE DECODE EXCEPTION in (/root/gf180-demo/caravel_user_project/openlane/user_proj_example/runs/22_12_02_23_04/results/cts/user_proj_example.odb): 'utf-8' codec can't decode byte 0xe5 in position 16: invalid continuation byte
2022-12-04 03:23:25 - [ERROR] - SPDX COMPLIANCE FILE UNICODE DECODE EXCEPTION in (/root/gf180-demo/caravel_user_project/openlane/user_proj_example/runs/22_12_02_23_04/results/placement/user_proj_example.odb): 'utf-8' codec can't decode byte 0xe5 in position 16: invalid continuation byte
2022-12-04 03:23:25 - [ERROR] - SPDX COMPLIANCE FILE UNICODE DECODE EXCEPTION in (/root/gf180-demo/caravel_user_project/openlane/user_proj_example/runs/22_12_02_23_04/tmp/12-user_proj_example.odb): 'utf-8' codec can't decode byte 0xe5 in position 16: invalid continuation byte
2022-12-04 03:23:25 - [ERROR] - SPDX COMPLIANCE FILE UNICODE DECODE EXCEPTION in (/root/gf180-demo/caravel_user_project/openlane/user_proj_example/runs/22_12_02_23_04/tmp/floorplan/3-initial_fp.odb): 'utf-8' codec can't decode byte 0xe5 in position 16: invalid continuation byte
2022-12-04 03:23:25 - [ERROR] - SPDX COMPLIANCE FILE UNICODE DECODE EXCEPTION in (/root/gf180-demo/caravel_user_project/openlane/user_proj_example/runs/22_12_02_23_04/tmp/floorplan/4-io.odb): 'utf-8' codec can't decode byte 0xe5 in position 16: invalid continuation byte
2022-12-04 03:23:25 - [ERROR] - SPDX COMPLIANCE FILE UNICODE DECODE EXCEPTION in (/root/gf180-demo/caravel_user_project/openlane/user_proj_example/runs/22_12_02_23_04/tmp/floorplan/6-pdn.odb): 'utf-8' codec can't decode byte 0xe5 in position 16: invalid continuation byte
2022-12-04 03:23:25 - [ERROR] - SPDX COMPLIANCE FILE UNICODE DECODE EXCEPTION in (/root/gf180-demo/caravel_user_project/openlane/user_proj_example/runs/22_12_02_23_04/tmp/routing/16-global.odb): 'utf-8' codec can't decode byte 0xe5 in position 16: invalid continuation byte
2022-12-04 03:23:25 - [ERROR] - SPDX COMPLIANCE FILE UNICODE DECODE EXCEPTION in (/root/gf180-demo/caravel_user_project/openlane/user_proj_example/runs/22_12_02_23_04/tmp/routing/13-diodes.odb): 'utf-8' codec can't decode byte 0xe5 in position 16: invalid continuation byte
2022-12-04 03:23:25 - [ERROR] - SPDX COMPLIANCE FILE UNICODE DECODE EXCEPTION in (/root/gf180-demo/caravel_user_project/openlane/user_proj_example/runs/22_12_02_23_04/tmp/routing/15-fill.odb): 'utf-8' codec can't decode byte 0xe5 in position 16: invalid continuation byte
2022-12-04 03:23:25 - [ERROR] - SPDX COMPLIANCE FILE UNICODE DECODE EXCEPTION in (/root/gf180-demo/caravel_user_project/openlane/user_proj_example/runs/22_12_02_23_04/tmp/routing/diodes.odb): 'utf-8' codec can't decode byte 0xe5 in position 16: invalid continuation byte
2022-12-04 03:23:25 - [ERROR] - SPDX COMPLIANCE FILE UNICODE DECODE EXCEPTION in (/root/gf180-demo/caravel_user_project/openlane/user_proj_example/runs/22_12_02_23_04/tmp/cts/11-user_proj_example.resized.odb): 'utf-8' codec can't decode byte 0xe5 in position 16: invalid continuation byte
2022-12-04 03:23:25 - [ERROR] - SPDX COMPLIANCE FILE UNICODE DECODE EXCEPTION in (/root/gf180-demo/caravel_user_project/openlane/user_proj_example/runs/22_12_02_23_04/tmp/placement/7-global.odb): 'utf-8' codec can't decode byte 0xe5 in position 16: invalid continuation byte
2022-12-04 03:23:25 - [ERROR] - SPDX COMPLIANCE FILE UNICODE DECODE EXCEPTION in (/root/gf180-demo/caravel_user_project/openlane/user_proj_example/runs/22_12_02_23_04/tmp/placement/8-resizer.odb): 'utf-8' codec can't decode byte 0xe5 in position 16: invalid continuation byte
2022-12-04 03:23:27 - [ERROR] - SPDX COMPLIANCE FILE UNICODE DECODE EXCEPTION in (/root/gf180-demo/caravel_user_project/openlane/user_proj_example/runs/22_12_03_17_41/results/floorplan/user_proj_example.odb): 'utf-8' codec can't decode byte 0xe5 in position 16: invalid continuation byte
2022-12-04 03:23:27 - [ERROR] - SPDX COMPLIANCE FILE UNICODE DECODE EXCEPTION in (/root/gf180-demo/caravel_user_project/openlane/user_proj_example/runs/22_12_03_17_41/results/routing/user_proj_example.odb): 'utf-8' codec can't decode byte 0xe5 in position 16: invalid continuation byte
2022-12-04 03:23:28 - [ERROR] - SPDX COMPLIANCE FILE UNICODE DECODE EXCEPTION in (/root/gf180-demo/caravel_user_project/openlane/user_proj_example/runs/22_12_03_17_41/results/cts/user_proj_example.odb): 'utf-8' codec can't decode byte 0xe5 in position 16: invalid continuation byte
2022-12-04 03:23:28 - [ERROR] - SPDX COMPLIANCE FILE UNICODE DECODE EXCEPTION in (/root/gf180-demo/caravel_user_project/openlane/user_proj_example/runs/22_12_03_17_41/results/placement/user_proj_example.odb): 'utf-8' codec can't decode byte 0xe5 in position 16: invalid continuation byte
2022-12-04 03:23:28 - [ERROR] - SPDX COMPLIANCE FILE UNICODE DECODE EXCEPTION in (/root/gf180-demo/caravel_user_project/openlane/user_proj_example/runs/22_12_03_17_41/tmp/12-user_proj_example.odb): 'utf-8' codec can't decode byte 0xe5 in position 16: invalid continuation byte
2022-12-04 03:23:28 - [ERROR] - SPDX COMPLIANCE FILE UNICODE DECODE EXCEPTION in (/root/gf180-demo/caravel_user_project/openlane/user_proj_example/runs/22_12_03_17_41/tmp/floorplan/3-initial_fp.odb): 'utf-8' codec can't decode byte 0xe5 in position 16: invalid continuation byte
2022-12-04 03:23:28 - [ERROR] - SPDX COMPLIANCE FILE UNICODE DECODE EXCEPTION in (/root/gf180-demo/caravel_user_project/openlane/user_proj_example/runs/22_12_03_17_41/tmp/floorplan/4-io.odb): 'utf-8' codec can't decode byte 0xe5 in position 16: invalid continuation byte
2022-12-04 03:23:28 - [ERROR] - SPDX COMPLIANCE FILE UNICODE DECODE EXCEPTION in (/root/gf180-demo/caravel_user_project/openlane/user_proj_example/runs/22_12_03_17_41/tmp/floorplan/6-pdn.odb): 'utf-8' codec can't decode byte 0xe5 in position 16: invalid continuation byte
2022-12-04 03:23:28 - [ERROR] - SPDX COMPLIANCE FILE UNICODE DECODE EXCEPTION in (/root/gf180-demo/caravel_user_project/openlane/user_proj_example/runs/22_12_03_17_41/tmp/routing/16-global.odb): 'utf-8' codec can't decode byte 0xe5 in position 16: invalid continuation byte
2022-12-04 03:23:28 - [ERROR] - SPDX COMPLIANCE FILE UNICODE DECODE EXCEPTION in (/root/gf180-demo/caravel_user_project/openlane/user_proj_example/runs/22_12_03_17_41/tmp/routing/13-diodes.odb): 'utf-8' codec can't decode byte 0xe5 in position 16: invalid continuation byte
2022-12-04 03:23:28 - [ERROR] - SPDX COMPLIANCE FILE UNICODE DECODE EXCEPTION in (/root/gf180-demo/caravel_user_project/openlane/user_proj_example/runs/22_12_03_17_41/tmp/routing/15-fill.odb): 'utf-8' codec can't decode byte 0xe5 in position 16: invalid continuation byte
2022-12-04 03:23:28 - [ERROR] - SPDX COMPLIANCE FILE UNICODE DECODE EXCEPTION in (/root/gf180-demo/caravel_user_project/openlane/user_proj_example/runs/22_12_03_17_41/tmp/routing/diodes.odb): 'utf-8' codec can't decode byte 0xe5 in position 16: invalid continuation byte
2022-12-04 03:23:28 - [ERROR] - SPDX COMPLIANCE FILE UNICODE DECODE EXCEPTION in (/root/gf180-demo/caravel_user_project/openlane/user_proj_example/runs/22_12_03_17_41/tmp/cts/11-user_proj_example.resized.odb): 'utf-8' codec can't decode byte 0xe5 in position 16: invalid continuation byte
2022-12-04 03:23:28 - [ERROR] - SPDX COMPLIANCE FILE UNICODE DECODE EXCEPTION in (/root/gf180-demo/caravel_user_project/openlane/user_proj_example/runs/22_12_03_17_41/tmp/placement/7-global.odb): 'utf-8' codec can't decode byte 0xe5 in position 16: invalid continuation byte
2022-12-04 03:23:28 - [ERROR] - SPDX COMPLIANCE FILE UNICODE DECODE EXCEPTION in (/root/gf180-demo/caravel_user_project/openlane/user_proj_example/runs/22_12_03_17_41/tmp/placement/8-resizer.odb): 'utf-8' codec can't decode byte 0xe5 in position 16: invalid continuation byte
2022-12-04 03:23:31 - [ERROR] - SPDX COMPLIANCE FILE UNICODE DECODE EXCEPTION in (/root/gf180-demo/caravel_user_project/openlane/user_proj_example/runs/22_12_03_18_31/results/floorplan/user_proj_example.odb): 'utf-8' codec can't decode byte 0xe5 in position 16: invalid continuation byte
2022-12-04 03:23:31 - [ERROR] - SPDX COMPLIANCE FILE UNICODE DECODE EXCEPTION in (/root/gf180-demo/caravel_user_project/openlane/user_proj_example/runs/22_12_03_18_31/results/routing/user_proj_example.odb): 'utf-8' codec can't decode byte 0xe5 in position 16: invalid continuation byte
2022-12-04 03:23:31 - [ERROR] - SPDX COMPLIANCE FILE UNICODE DECODE EXCEPTION in (/root/gf180-demo/caravel_user_project/openlane/user_proj_example/runs/22_12_03_18_31/results/cts/user_proj_example.odb): 'utf-8' codec can't decode byte 0xe5 in position 16: invalid continuation byte
2022-12-04 03:23:31 - [ERROR] - SPDX COMPLIANCE FILE UNICODE DECODE EXCEPTION in (/root/gf180-demo/caravel_user_project/openlane/user_proj_example/runs/22_12_03_18_31/results/placement/user_proj_example.odb): 'utf-8' codec can't decode byte 0xe5 in position 16: invalid continuation byte
2022-12-04 03:23:32 - [ERROR] - SPDX COMPLIANCE FILE UNICODE DECODE EXCEPTION in (/root/gf180-demo/caravel_user_project/openlane/user_proj_example/runs/22_12_03_18_31/tmp/12-user_proj_example.odb): 'utf-8' codec can't decode byte 0xe5 in position 16: invalid continuation byte
2022-12-04 03:23:32 - [ERROR] - SPDX COMPLIANCE FILE UNICODE DECODE EXCEPTION in (/root/gf180-demo/caravel_user_project/openlane/user_proj_example/runs/22_12_03_18_31/tmp/floorplan/3-initial_fp.odb): 'utf-8' codec can't decode byte 0xe5 in position 16: invalid continuation byte
2022-12-04 03:23:32 - [ERROR] - SPDX COMPLIANCE FILE UNICODE DECODE EXCEPTION in (/root/gf180-demo/caravel_user_project/openlane/user_proj_example/runs/22_12_03_18_31/tmp/floorplan/4-io.odb): 'utf-8' codec can't decode byte 0xe5 in position 16: invalid continuation byte
2022-12-04 03:23:32 - [ERROR] - SPDX COMPLIANCE FILE UNICODE DECODE EXCEPTION in (/root/gf180-demo/caravel_user_project/openlane/user_proj_example/runs/22_12_03_18_31/tmp/floorplan/6-pdn.odb): 'utf-8' codec can't decode byte 0xe5 in position 16: invalid continuation byte
2022-12-04 03:23:32 - [ERROR] - SPDX COMPLIANCE FILE UNICODE DECODE EXCEPTION in (/root/gf180-demo/caravel_user_project/openlane/user_proj_example/runs/22_12_03_18_31/tmp/routing/16-global.odb): 'utf-8' codec can't decode byte 0xe5 in position 16: invalid continuation byte
2022-12-04 03:23:32 - [ERROR] - SPDX COMPLIANCE FILE UNICODE DECODE EXCEPTION in (/root/gf180-demo/caravel_user_project/openlane/user_proj_example/runs/22_12_03_18_31/tmp/routing/13-diodes.odb): 'utf-8' codec can't decode byte 0xe5 in position 16: invalid continuation byte
2022-12-04 03:23:32 - [ERROR] - SPDX COMPLIANCE FILE UNICODE DECODE EXCEPTION in (/root/gf180-demo/caravel_user_project/openlane/user_proj_example/runs/22_12_03_18_31/tmp/routing/15-fill.odb): 'utf-8' codec can't decode byte 0xe5 in position 16: invalid continuation byte
2022-12-04 03:23:32 - [ERROR] - SPDX COMPLIANCE FILE UNICODE DECODE EXCEPTION in (/root/gf180-demo/caravel_user_project/openlane/user_proj_example/runs/22_12_03_18_31/tmp/routing/diodes.odb): 'utf-8' codec can't decode byte 0xe5 in position 16: invalid continuation byte
2022-12-04 03:23:32 - [ERROR] - SPDX COMPLIANCE FILE UNICODE DECODE EXCEPTION in (/root/gf180-demo/caravel_user_project/openlane/user_proj_example/runs/22_12_03_18_31/tmp/cts/11-user_proj_example.resized.odb): 'utf-8' codec can't decode byte 0xe5 in position 16: invalid continuation byte
2022-12-04 03:23:32 - [ERROR] - SPDX COMPLIANCE FILE UNICODE DECODE EXCEPTION in (/root/gf180-demo/caravel_user_project/openlane/user_proj_example/runs/22_12_03_18_31/tmp/placement/7-global.odb): 'utf-8' codec can't decode byte 0xe5 in position 16: invalid continuation byte
2022-12-04 03:23:32 - [ERROR] - SPDX COMPLIANCE FILE UNICODE DECODE EXCEPTION in (/root/gf180-demo/caravel_user_project/openlane/user_proj_example/runs/22_12_03_18_31/tmp/placement/8-resizer.odb): 'utf-8' codec can't decode byte 0xe5 in position 16: invalid continuation byte
2022-12-04 03:23:35 - [ERROR] - SPDX COMPLIANCE FILE UNICODE DECODE EXCEPTION in (/root/gf180-demo/caravel_user_project/openlane/user_proj_example/runs/22_12_01_17_45/results/floorplan/user_proj_example.odb): 'utf-8' codec can't decode byte 0xe5 in position 16: invalid continuation byte
2022-12-04 03:23:35 - [ERROR] - SPDX COMPLIANCE FILE UNICODE DECODE EXCEPTION in (/root/gf180-demo/caravel_user_project/openlane/user_proj_example/runs/22_12_01_17_45/results/routing/user_proj_example.odb): 'utf-8' codec can't decode byte 0xe5 in position 16: invalid continuation byte
2022-12-04 03:23:35 - [ERROR] - SPDX COMPLIANCE FILE UNICODE DECODE EXCEPTION in (/root/gf180-demo/caravel_user_project/openlane/user_proj_example/runs/22_12_01_17_45/results/cts/user_proj_example.odb): 'utf-8' codec can't decode byte 0xe5 in position 16: invalid continuation byte
2022-12-04 03:23:35 - [ERROR] - SPDX COMPLIANCE FILE UNICODE DECODE EXCEPTION in (/root/gf180-demo/caravel_user_project/openlane/user_proj_example/runs/22_12_01_17_45/results/placement/user_proj_example.odb): 'utf-8' codec can't decode byte 0xe5 in position 16: invalid continuation byte
2022-12-04 03:23:35 - [ERROR] - SPDX COMPLIANCE FILE UNICODE DECODE EXCEPTION in (/root/gf180-demo/caravel_user_project/openlane/user_proj_example/runs/22_12_01_17_45/tmp/12-user_proj_example.odb): 'utf-8' codec can't decode byte 0xe5 in position 16: invalid continuation byte
2022-12-04 03:23:35 - [ERROR] - SPDX COMPLIANCE FILE UNICODE DECODE EXCEPTION in (/root/gf180-demo/caravel_user_project/openlane/user_proj_example/runs/22_12_01_17_45/tmp/floorplan/3-initial_fp.odb): 'utf-8' codec can't decode byte 0xe5 in position 16: invalid continuation byte
2022-12-04 03:23:35 - [ERROR] - SPDX COMPLIANCE FILE UNICODE DECODE EXCEPTION in (/root/gf180-demo/caravel_user_project/openlane/user_proj_example/runs/22_12_01_17_45/tmp/floorplan/4-io.odb): 'utf-8' codec can't decode byte 0xe5 in position 16: invalid continuation byte
2022-12-04 03:23:35 - [ERROR] - SPDX COMPLIANCE FILE UNICODE DECODE EXCEPTION in (/root/gf180-demo/caravel_user_project/openlane/user_proj_example/runs/22_12_01_17_45/tmp/floorplan/6-pdn.odb): 'utf-8' codec can't decode byte 0xe5 in position 16: invalid continuation byte
2022-12-04 03:23:35 - [ERROR] - SPDX COMPLIANCE FILE UNICODE DECODE EXCEPTION in (/root/gf180-demo/caravel_user_project/openlane/user_proj_example/runs/22_12_01_17_45/tmp/routing/16-global.odb): 'utf-8' codec can't decode byte 0xe5 in position 16: invalid continuation byte
2022-12-04 03:23:35 - [ERROR] - SPDX COMPLIANCE FILE UNICODE DECODE EXCEPTION in (/root/gf180-demo/caravel_user_project/openlane/user_proj_example/runs/22_12_01_17_45/tmp/routing/13-diodes.odb): 'utf-8' codec can't decode byte 0xe5 in position 16: invalid continuation byte
2022-12-04 03:23:35 - [ERROR] - SPDX COMPLIANCE FILE UNICODE DECODE EXCEPTION in (/root/gf180-demo/caravel_user_project/openlane/user_proj_example/runs/22_12_01_17_45/tmp/routing/15-fill.odb): 'utf-8' codec can't decode byte 0xe5 in position 16: invalid continuation byte
2022-12-04 03:23:35 - [ERROR] - SPDX COMPLIANCE FILE UNICODE DECODE EXCEPTION in (/root/gf180-demo/caravel_user_project/openlane/user_proj_example/runs/22_12_01_17_45/tmp/routing/diodes.odb): 'utf-8' codec can't decode byte 0xe5 in position 16: invalid continuation byte
2022-12-04 03:23:35 - [ERROR] - SPDX COMPLIANCE FILE UNICODE DECODE EXCEPTION in (/root/gf180-demo/caravel_user_project/openlane/user_proj_example/runs/22_12_01_17_45/tmp/cts/11-user_proj_example.resized.odb): 'utf-8' codec can't decode byte 0xe5 in position 16: invalid continuation byte
2022-12-04 03:23:36 - [ERROR] - SPDX COMPLIANCE FILE UNICODE DECODE EXCEPTION in (/root/gf180-demo/caravel_user_project/openlane/user_proj_example/runs/22_12_01_17_45/tmp/placement/7-global.odb): 'utf-8' codec can't decode byte 0xe5 in position 16: invalid continuation byte
2022-12-04 03:23:36 - [ERROR] - SPDX COMPLIANCE FILE UNICODE DECODE EXCEPTION in (/root/gf180-demo/caravel_user_project/openlane/user_proj_example/runs/22_12_01_17_45/tmp/placement/8-resizer.odb): 'utf-8' codec can't decode byte 0xe5 in position 16: invalid continuation byte
2022-12-04 03:23:38 - [WARNING] - {{SPDX COMPLIANCE CHECK FAILED}} Found 3223 non-compliant file(s) with the SPDX Standard.
2022-12-04 03:23:38 - [INFO] - SPDX COMPLIANCE: NON-COMPLIANT FILE(S) PREVIEW: ['/root/gf180-demo/caravel_user_project/venv/lib/python3.10/site-packages/distutils-precedence.pth', '/root/gf180-demo/caravel_user_project/venv/lib/python3.10/site-packages/setuptools-59.6.0.dist-info/METADATA', '/root/gf180-demo/caravel_user_project/venv/lib/python3.10/site-packages/setuptools-59.6.0.dist-info/WHEEL', '/root/gf180-demo/caravel_user_project/venv/lib/python3.10/site-packages/setuptools-59.6.0.dist-info/RECORD', '/root/gf180-demo/caravel_user_project/venv/lib/python3.10/site-packages/setuptools-59.6.0.dist-info/INSTALLER', '/root/gf180-demo/caravel_user_project/venv/lib/python3.10/site-packages/pip-22.3.1.dist-info/METADATA', '/root/gf180-demo/caravel_user_project/venv/lib/python3.10/site-packages/pip-22.3.1.dist-info/WHEEL', '/root/gf180-demo/caravel_user_project/venv/lib/python3.10/site-packages/pip-22.3.1.dist-info/RECORD', '/root/gf180-demo/caravel_user_project/venv/lib/python3.10/site-packages/pip-22.3.1.dist-info/INSTALLER', '/root/gf180-demo/caravel_user_project/venv/lib/python3.10/site-packages/click/utils.py', '/root/gf180-demo/caravel_user_project/venv/lib/python3.10/site-packages/click/exceptions.py', '/root/gf180-demo/caravel_user_project/venv/lib/python3.10/site-packages/click/globals.py', '/root/gf180-demo/caravel_user_project/venv/lib/python3.10/site-packages/click/decorators.py', '/root/gf180-demo/caravel_user_project/venv/lib/python3.10/site-packages/click/core.py', '/root/gf180-demo/caravel_user_project/venv/lib/python3.10/site-packages/click/shell_completion.py']
2022-12-04 03:23:38 - [INFO] - For the full SPDX compliance report check: /root/gf180-demo/caravel_user_project/precheck_results/04_DEC_2022___03_22_15/logs/spdx_compliance_report.log
2022-12-04 03:23:38 - [INFO] - {{STEP UPDATE}} Executing Check 2 of 7: GPIO-Defines
2022-12-04 03:23:38 - [INFO] - GPIO-DEFINES: Checking verilog/rtl/user_defines.v, parsing files: ['/root/mpw_precheck/checks/gpio_defines_check/verilog_assets/gpio_modes_base.v', '/root/gf180-demo/caravel_user_project/verilog/rtl/user_defines.v', '/root/mpw_precheck/checks/gpio_defines_check/verilog_assets/gpio_modes_observe.v']
2022-12-04 03:23:41 - [INFO] - GPIO-DEFINES report path: /root/gf180-demo/caravel_user_project/precheck_results/04_DEC_2022___03_22_15/outputs/reports/gpio_defines.report
2022-12-04 03:23:41 - [INFO] - {{GPIO-DEFINES CHECK PASSED}} The user verilog/rtl/user_defines.v is valid.
2022-12-04 03:23:41 - [INFO] - {{STEP UPDATE}} Executing Check 3 of 7: XOR
2022-12-04 03:23:48 - [INFO] - {{XOR CHECK UPDATE}} Total XOR differences: 0, for more details view /root/gf180-demo/caravel_user_project/precheck_results/04_DEC_2022___03_22_15/outputs/user_project_wrapper.xor.gds
2022-12-04 03:23:48 - [INFO] - {{XOR CHECK PASSED}} The GDS file has no XOR violations.
2022-12-04 03:23:48 - [INFO] - {{STEP UPDATE}} Executing Check 4 of 7: Klayout FEOL
2022-12-04 03:23:48 - [INFO] - in CUSTOM klayout_gds_drc_check
2022-12-04 03:23:48 - [INFO] - run: klayout -b -r /root/mpw_precheck/checks/tech-files/gf180mcuC_mr.drc -rd input=/root/gf180-demo/caravel_user_project/gds/user_project_wrapper.gds -rd topcell=user_project_wrapper -rd report=/root/gf180-demo/caravel_user_project/precheck_results/04_DEC_2022___03_22_15/outputs/reports/klayout_feol_check.xml -rd feol=true -rd metal_top=9K -rd mim_option=B -rd metal_level=5LM -rd conn_drc=true >& /root/gf180-demo/caravel_user_project/precheck_results/04_DEC_2022___03_22_15/logs/klayout_feol_check.log
2022-12-04 03:26:42 - [INFO] - No DRC Violations found
2022-12-04 03:26:42 - [INFO] - {{Klayout FEOL CHECK PASSED}} The GDS file, user_project_wrapper.gds, has no DRC violations.
2022-12-04 03:26:42 - [INFO] - {{STEP UPDATE}} Executing Check 5 of 7: Klayout BEOL
2022-12-04 03:26:42 - [INFO] - in CUSTOM klayout_gds_drc_check
2022-12-04 03:26:42 - [INFO] - run: klayout -b -r /root/mpw_precheck/checks/tech-files/gf180mcuC_mr.drc -rd input=/root/gf180-demo/caravel_user_project/gds/user_project_wrapper.gds -rd topcell=user_project_wrapper -rd report=/root/gf180-demo/caravel_user_project/precheck_results/04_DEC_2022___03_22_15/outputs/reports/klayout_beol_check.xml -rd beol=true -rd metal_top=9K -rd mim_option=B -rd metal_level=5LM -rd conn_drc=true >& /root/gf180-demo/caravel_user_project/precheck_results/04_DEC_2022___03_22_15/logs/klayout_beol_check.log
2022-12-04 03:28:33 - [INFO] - No DRC Violations found
2022-12-04 03:28:33 - [INFO] - {{Klayout BEOL CHECK PASSED}} The GDS file, user_project_wrapper.gds, has no DRC violations.
2022-12-04 03:28:33 - [INFO] - {{STEP UPDATE}} Executing Check 6 of 7: Klayout Offgrid
2022-12-04 03:28:33 - [INFO] - in CUSTOM klayout_gds_drc_check
2022-12-04 03:28:33 - [INFO] - run: klayout -b -r /root/mpw_precheck/checks/tech-files/gf180mcuC_mr.drc -rd input=/root/gf180-demo/caravel_user_project/gds/user_project_wrapper.gds -rd topcell=user_project_wrapper -rd report=/root/gf180-demo/caravel_user_project/precheck_results/04_DEC_2022___03_22_15/outputs/reports/klayout_offgrid_check.xml -rd offgrid=true -rd metal_top=9K -rd mim_option=B -rd metal_level=5LM -rd conn_drc=true >& /root/gf180-demo/caravel_user_project/precheck_results/04_DEC_2022___03_22_15/logs/klayout_offgrid_check.log
2022-12-04 03:30:04 - [INFO] - No DRC Violations found
2022-12-04 03:30:04 - [INFO] - {{Klayout Offgrid CHECK PASSED}} The GDS file, user_project_wrapper.gds, has no DRC violations.
2022-12-04 03:30:04 - [INFO] - {{STEP UPDATE}} Executing Check 7 of 7: Klayout Metal Minimum Clear Area Density
2022-12-04 03:30:04 - [INFO] - in CUSTOM klayout_gds_drc_check
2022-12-04 03:30:04 - [INFO] - run: klayout -b -r /root/mpw_precheck/checks/drc_checks/klayout/gf180mcu_density.lydrc -rd input=/root/gf180-demo/caravel_user_project/gds/user_project_wrapper.gds -rd topcell=user_project_wrapper -rd report=/root/gf180-demo/caravel_user_project/precheck_results/04_DEC_2022___03_22_15/outputs/reports/klayout_met_min_ca_density_check.xml >& /root/gf180-demo/caravel_user_project/precheck_results/04_DEC_2022___03_22_15/logs/klayout_met_min_ca_density_check.log
2022-12-04 03:30:06 - [INFO] - No DRC Violations found
2022-12-04 03:30:06 - [INFO] - {{Klayout Metal Minimum Clear Area Density CHECK PASSED}} The GDS file, user_project_wrapper.gds, has no DRC violations.
2022-12-04 03:30:06 - [INFO] - {{FINISH}} Executing Finished, the full log 'precheck.log' can be found in '/root/gf180-demo/caravel_user_project/precheck_results/04_DEC_2022___03_22_15/logs'
2022-12-04 03:30:06 - [INFO] - {{SUCCESS}} All Checks Passed !!!
