2022-12-05 00:42:11 - [INFO] - {{EXTRACTING FILES}} Extracting compressed files in: /root/gf180-demo/caravel_user_project
2022-12-05 00:42:13 - [INFO] - {{Project Type Info}} digital
2022-12-05 00:42:13 - [INFO] - {{Project GDS Info}} user_project_wrapper: 34a3a8c26635ce01996322dc540b1380f93a75ab
2022-12-05 00:42:13 - [INFO] - {{Tools Info}} KLayout: v0.27.12 | Magic: v8.3.346
2022-12-05 00:42:13 - [INFO] - {{PDKs Info}} GF180MCUC: a897aa30369d3bcec87d9d50ce9b01f320f854ef | Open PDKs: 35c7265f51749ad8d9fdbb575af22c7c8fab974e
2022-12-05 00:42:13 - [INFO] - {{START}} Precheck Started, the full log 'precheck.log' will be located in '/root/gf180-demo/caravel_user_project/precheck_results/05_DEC_2022___00_42_11/logs'
2022-12-05 00:42:13 - [INFO] - {{PRECHECK SEQUENCE}} Precheck will run the following checks: [License, GPIO-Defines, XOR, Klayout FEOL, Klayout BEOL, Klayout Offgrid, Klayout Metal Minimum Clear Area Density]
2022-12-05 00:42:13 - [INFO] - {{STEP UPDATE}} Executing Check 1 of 7: License
2022-12-05 00:42:15 - [INFO] - An approved LICENSE (Apache-2.0) was found in /root/gf180-demo/caravel_user_project.
2022-12-05 00:42:15 - [INFO] - {{MAIN LICENSE CHECK PASSED}} An approved LICENSE was found in project root.
2022-12-05 00:42:16 - [INFO] - An approved LICENSE (Apache-2.0) was found in /root/gf180-demo/caravel_user_project.
2022-12-05 00:42:17 - [INFO] - An approved LICENSE (Apache-2.0) was found in /root/gf180-demo/caravel_user_project.
2022-12-05 00:42:18 - [INFO] - An approved LICENSE (Apache-2.0) was found in /root/gf180-demo/caravel_user_project.
2022-12-05 00:42:20 - [INFO] - An approved LICENSE (Apache-2.0) was found in /root/gf180-demo/caravel_user_project.
2022-12-05 00:42:20 - [INFO] - {{SUBMODULES LICENSE CHECK PASSED}} No prohibited LICENSE file(s) was found in project submodules
2022-12-05 00:42:20 - [ERROR] - SPDX COMPLIANCE FILE UNICODE DECODE EXCEPTION in (/root/gf180-demo/caravel_user_project/venv/lib/python3.10/site-packages/pip/_vendor/distlib/w64-arm.exe): 'utf-8' codec can't decode byte 0x90 in position 2: invalid start byte
2022-12-05 00:42:20 - [ERROR] - SPDX COMPLIANCE FILE UNICODE DECODE EXCEPTION in (/root/gf180-demo/caravel_user_project/venv/lib/python3.10/site-packages/pip/_vendor/distlib/w64.exe): 'utf-8' codec can't decode byte 0x90 in position 2: invalid start byte
2022-12-05 00:42:20 - [ERROR] - SPDX COMPLIANCE FILE UNICODE DECODE EXCEPTION in (/root/gf180-demo/caravel_user_project/venv/lib/python3.10/site-packages/pip/_vendor/distlib/w32.exe): 'utf-8' codec can't decode byte 0x90 in position 2: invalid start byte
2022-12-05 00:42:20 - [ERROR] - SPDX COMPLIANCE FILE UNICODE DECODE EXCEPTION in (/root/gf180-demo/caravel_user_project/venv/lib/python3.10/site-packages/pip/_vendor/distlib/t64-arm.exe): 'utf-8' codec can't decode byte 0x90 in position 2: invalid start byte
2022-12-05 00:42:20 - [ERROR] - SPDX COMPLIANCE FILE UNICODE DECODE EXCEPTION in (/root/gf180-demo/caravel_user_project/venv/lib/python3.10/site-packages/pip/_vendor/distlib/t64.exe): 'utf-8' codec can't decode byte 0x90 in position 2: invalid start byte
2022-12-05 00:42:20 - [ERROR] - SPDX COMPLIANCE FILE UNICODE DECODE EXCEPTION in (/root/gf180-demo/caravel_user_project/venv/lib/python3.10/site-packages/pip/_vendor/distlib/t32.exe): 'utf-8' codec can't decode byte 0x90 in position 2: invalid start byte
2022-12-05 00:42:20 - [ERROR] - SPDX COMPLIANCE FILE UNICODE DECODE EXCEPTION in (/root/gf180-demo/caravel_user_project/venv/lib/python3.10/site-packages/setuptools/gui-arm64.exe): 'utf-8' codec can't decode byte 0x90 in position 2: invalid start byte
2022-12-05 00:42:20 - [ERROR] - SPDX COMPLIANCE FILE UNICODE DECODE EXCEPTION in (/root/gf180-demo/caravel_user_project/venv/lib/python3.10/site-packages/setuptools/gui-64.exe): 'utf-8' codec can't decode byte 0x90 in position 2: invalid start byte
2022-12-05 00:42:20 - [ERROR] - SPDX COMPLIANCE FILE UNICODE DECODE EXCEPTION in (/root/gf180-demo/caravel_user_project/venv/lib/python3.10/site-packages/setuptools/cli-64.exe): 'utf-8' codec can't decode byte 0x90 in position 2: invalid start byte
2022-12-05 00:42:20 - [ERROR] - SPDX COMPLIANCE FILE UNICODE DECODE EXCEPTION in (/root/gf180-demo/caravel_user_project/venv/lib/python3.10/site-packages/setuptools/cli.exe): 'utf-8' codec can't decode byte 0x90 in position 2: invalid start byte
2022-12-05 00:42:20 - [ERROR] - SPDX COMPLIANCE FILE UNICODE DECODE EXCEPTION in (/root/gf180-demo/caravel_user_project/venv/lib/python3.10/site-packages/setuptools/cli-arm64.exe): 'utf-8' codec can't decode byte 0x90 in position 2: invalid start byte
2022-12-05 00:42:20 - [ERROR] - SPDX COMPLIANCE FILE UNICODE DECODE EXCEPTION in (/root/gf180-demo/caravel_user_project/venv/lib/python3.10/site-packages/setuptools/gui.exe): 'utf-8' codec can't decode byte 0x90 in position 2: invalid start byte
2022-12-05 00:42:20 - [ERROR] - SPDX COMPLIANCE FILE UNICODE DECODE EXCEPTION in (/root/gf180-demo/caravel_user_project/venv/lib/python3.10/site-packages/setuptools/gui-32.exe): 'utf-8' codec can't decode byte 0x90 in position 2: invalid start byte
2022-12-05 00:42:20 - [ERROR] - SPDX COMPLIANCE FILE UNICODE DECODE EXCEPTION in (/root/gf180-demo/caravel_user_project/venv/lib/python3.10/site-packages/setuptools/cli-32.exe): 'utf-8' codec can't decode byte 0x90 in position 2: invalid start byte
2022-12-05 00:42:20 - [ERROR] - SPDX COMPLIANCE FILE UNICODE DECODE EXCEPTION in (/root/gf180-demo/caravel_user_project/venv/bin/python3): 'utf-8' codec can't decode byte 0xf8 in position 96: invalid start byte
2022-12-05 00:42:20 - [ERROR] - SPDX COMPLIANCE FILE UNICODE DECODE EXCEPTION in (/root/gf180-demo/caravel_user_project/venv/bin/python3.10): 'utf-8' codec can't decode byte 0xf8 in position 96: invalid start byte
2022-12-05 00:42:20 - [ERROR] - SPDX COMPLIANCE FILE UNICODE DECODE EXCEPTION in (/root/gf180-demo/caravel_user_project/venv/bin/python): 'utf-8' codec can't decode byte 0xf8 in position 96: invalid start byte
2022-12-05 00:42:21 - [ERROR] - SPDX COMPLIANCE FILE UNICODE DECODE EXCEPTION in (/root/gf180-demo/caravel_user_project/openlane/user_project_wrapper/runs/22_12_04_19_39/results/routing/user_project_wrapper.odb): 'utf-8' codec can't decode byte 0xe6 in position 16: invalid continuation byte
2022-12-05 00:42:21 - [ERROR] - SPDX COMPLIANCE FILE UNICODE DECODE EXCEPTION in (/root/gf180-demo/caravel_user_project/openlane/user_project_wrapper/runs/22_12_04_19_39/results/placement/user_project_wrapper.odb): 'utf-8' codec can't decode byte 0xe6 in position 16: invalid continuation byte
2022-12-05 00:42:21 - [ERROR] - SPDX COMPLIANCE FILE UNICODE DECODE EXCEPTION in (/root/gf180-demo/caravel_user_project/openlane/user_project_wrapper/runs/22_12_04_19_39/tmp/9-user_project_wrapper.odb): 'utf-8' codec can't decode byte 0xe6 in position 16: invalid continuation byte
2022-12-05 00:42:21 - [ERROR] - SPDX COMPLIANCE FILE UNICODE DECODE EXCEPTION in (/root/gf180-demo/caravel_user_project/openlane/user_project_wrapper/runs/22_12_04_19_39/tmp/floorplan/3-initial_fp.odb): 'utf-8' codec can't decode byte 0xe6 in position 16: invalid continuation byte
2022-12-05 00:42:21 - [ERROR] - SPDX COMPLIANCE FILE UNICODE DECODE EXCEPTION in (/root/gf180-demo/caravel_user_project/openlane/user_project_wrapper/runs/22_12_04_19_39/tmp/floorplan/4-io.odb): 'utf-8' codec can't decode byte 0xe6 in position 16: invalid continuation byte
2022-12-05 00:42:21 - [ERROR] - SPDX COMPLIANCE FILE UNICODE DECODE EXCEPTION in (/root/gf180-demo/caravel_user_project/openlane/user_project_wrapper/runs/22_12_04_19_39/tmp/floorplan/6-pdn.odb): 'utf-8' codec can't decode byte 0xe6 in position 16: invalid continuation byte
2022-12-05 00:42:21 - [ERROR] - SPDX COMPLIANCE FILE UNICODE DECODE EXCEPTION in (/root/gf180-demo/caravel_user_project/openlane/user_project_wrapper/runs/22_12_04_19_39/tmp/floorplan/4-io.macro_placement.odb): 'utf-8' codec can't decode byte 0xe6 in position 16: invalid continuation byte
2022-12-05 00:42:21 - [ERROR] - SPDX COMPLIANCE FILE UNICODE DECODE EXCEPTION in (/root/gf180-demo/caravel_user_project/openlane/user_project_wrapper/runs/22_12_04_19_39/tmp/routing/11-global.odb): 'utf-8' codec can't decode byte 0xe6 in position 16: invalid continuation byte
2022-12-05 00:42:21 - [ERROR] - SPDX COMPLIANCE FILE UNICODE DECODE EXCEPTION in (/root/gf180-demo/caravel_user_project/openlane/user_project_wrapper/runs/22_12_04_19_39/tmp/routing/diode.odb): 'utf-8' codec can't decode byte 0xe6 in position 16: invalid continuation byte
2022-12-05 00:42:21 - [ERROR] - SPDX COMPLIANCE FILE UNICODE DECODE EXCEPTION in (/root/gf180-demo/caravel_user_project/openlane/user_project_wrapper/runs/22_12_04_19_39/tmp/placement/7-global.odb): 'utf-8' codec can't decode byte 0xe6 in position 16: invalid continuation byte
2022-12-05 00:42:22 - [ERROR] - SPDX COMPLIANCE SYMLINK FILE NOT FOUND in /root/gf180-demo/caravel_user_project/openlane/top_wrapper/runs/top_wrapper
2022-12-05 00:42:23 - [ERROR] - SPDX COMPLIANCE FILE UNICODE DECODE EXCEPTION in (/root/gf180-demo/caravel_user_project/openlane/user_proj_example/runs/22_12_04_19_34/results/floorplan/user_proj_example.odb): 'utf-8' codec can't decode byte 0xe5 in position 16: invalid continuation byte
2022-12-05 00:42:23 - [ERROR] - SPDX COMPLIANCE FILE UNICODE DECODE EXCEPTION in (/root/gf180-demo/caravel_user_project/openlane/user_proj_example/runs/22_12_04_19_34/results/routing/user_proj_example.odb): 'utf-8' codec can't decode byte 0xe5 in position 16: invalid continuation byte
2022-12-05 00:42:23 - [ERROR] - SPDX COMPLIANCE FILE UNICODE DECODE EXCEPTION in (/root/gf180-demo/caravel_user_project/openlane/user_proj_example/runs/22_12_04_19_34/results/cts/user_proj_example.odb): 'utf-8' codec can't decode byte 0xe5 in position 16: invalid continuation byte
2022-12-05 00:42:23 - [ERROR] - SPDX COMPLIANCE FILE UNICODE DECODE EXCEPTION in (/root/gf180-demo/caravel_user_project/openlane/user_proj_example/runs/22_12_04_19_34/results/placement/user_proj_example.odb): 'utf-8' codec can't decode byte 0xe5 in position 16: invalid continuation byte
2022-12-05 00:42:23 - [ERROR] - SPDX COMPLIANCE FILE UNICODE DECODE EXCEPTION in (/root/gf180-demo/caravel_user_project/openlane/user_proj_example/runs/22_12_04_19_34/tmp/12-user_proj_example.odb): 'utf-8' codec can't decode byte 0xe5 in position 16: invalid continuation byte
2022-12-05 00:42:23 - [ERROR] - SPDX COMPLIANCE FILE UNICODE DECODE EXCEPTION in (/root/gf180-demo/caravel_user_project/openlane/user_proj_example/runs/22_12_04_19_34/tmp/floorplan/3-initial_fp.odb): 'utf-8' codec can't decode byte 0xe5 in position 16: invalid continuation byte
2022-12-05 00:42:23 - [ERROR] - SPDX COMPLIANCE FILE UNICODE DECODE EXCEPTION in (/root/gf180-demo/caravel_user_project/openlane/user_proj_example/runs/22_12_04_19_34/tmp/floorplan/4-io.odb): 'utf-8' codec can't decode byte 0xe5 in position 16: invalid continuation byte
2022-12-05 00:42:23 - [ERROR] - SPDX COMPLIANCE FILE UNICODE DECODE EXCEPTION in (/root/gf180-demo/caravel_user_project/openlane/user_proj_example/runs/22_12_04_19_34/tmp/floorplan/6-pdn.odb): 'utf-8' codec can't decode byte 0xe5 in position 16: invalid continuation byte
2022-12-05 00:42:23 - [ERROR] - SPDX COMPLIANCE FILE UNICODE DECODE EXCEPTION in (/root/gf180-demo/caravel_user_project/openlane/user_proj_example/runs/22_12_04_19_34/tmp/routing/16-global.odb): 'utf-8' codec can't decode byte 0xe5 in position 16: invalid continuation byte
2022-12-05 00:42:23 - [ERROR] - SPDX COMPLIANCE FILE UNICODE DECODE EXCEPTION in (/root/gf180-demo/caravel_user_project/openlane/user_proj_example/runs/22_12_04_19_34/tmp/routing/13-diodes.odb): 'utf-8' codec can't decode byte 0xe5 in position 16: invalid continuation byte
2022-12-05 00:42:23 - [ERROR] - SPDX COMPLIANCE FILE UNICODE DECODE EXCEPTION in (/root/gf180-demo/caravel_user_project/openlane/user_proj_example/runs/22_12_04_19_34/tmp/routing/15-fill.odb): 'utf-8' codec can't decode byte 0xe5 in position 16: invalid continuation byte
2022-12-05 00:42:23 - [ERROR] - SPDX COMPLIANCE FILE UNICODE DECODE EXCEPTION in (/root/gf180-demo/caravel_user_project/openlane/user_proj_example/runs/22_12_04_19_34/tmp/routing/diodes.odb): 'utf-8' codec can't decode byte 0xe5 in position 16: invalid continuation byte
2022-12-05 00:42:23 - [ERROR] - SPDX COMPLIANCE FILE UNICODE DECODE EXCEPTION in (/root/gf180-demo/caravel_user_project/openlane/user_proj_example/runs/22_12_04_19_34/tmp/cts/11-user_proj_example.resized.odb): 'utf-8' codec can't decode byte 0xe5 in position 16: invalid continuation byte
2022-12-05 00:42:23 - [ERROR] - SPDX COMPLIANCE FILE UNICODE DECODE EXCEPTION in (/root/gf180-demo/caravel_user_project/openlane/user_proj_example/runs/22_12_04_19_34/tmp/placement/7-global.odb): 'utf-8' codec can't decode byte 0xe5 in position 16: invalid continuation byte
2022-12-05 00:42:23 - [ERROR] - SPDX COMPLIANCE FILE UNICODE DECODE EXCEPTION in (/root/gf180-demo/caravel_user_project/openlane/user_proj_example/runs/22_12_04_19_34/tmp/placement/8-resizer.odb): 'utf-8' codec can't decode byte 0xe5 in position 16: invalid continuation byte
2022-12-05 00:42:24 - [WARNING] - {{SPDX COMPLIANCE CHECK FAILED}} Found 1075 non-compliant file(s) with the SPDX Standard.
2022-12-05 00:42:24 - [INFO] - SPDX COMPLIANCE: NON-COMPLIANT FILE(S) PREVIEW: ['/root/gf180-demo/caravel_user_project/venv/lib/python3.10/site-packages/distutils-precedence.pth', '/root/gf180-demo/caravel_user_project/venv/lib/python3.10/site-packages/setuptools-59.6.0.dist-info/METADATA', '/root/gf180-demo/caravel_user_project/venv/lib/python3.10/site-packages/setuptools-59.6.0.dist-info/WHEEL', '/root/gf180-demo/caravel_user_project/venv/lib/python3.10/site-packages/setuptools-59.6.0.dist-info/RECORD', '/root/gf180-demo/caravel_user_project/venv/lib/python3.10/site-packages/setuptools-59.6.0.dist-info/INSTALLER', '/root/gf180-demo/caravel_user_project/venv/lib/python3.10/site-packages/pip-22.3.1.dist-info/METADATA', '/root/gf180-demo/caravel_user_project/venv/lib/python3.10/site-packages/pip-22.3.1.dist-info/WHEEL', '/root/gf180-demo/caravel_user_project/venv/lib/python3.10/site-packages/pip-22.3.1.dist-info/RECORD', '/root/gf180-demo/caravel_user_project/venv/lib/python3.10/site-packages/pip-22.3.1.dist-info/INSTALLER', '/root/gf180-demo/caravel_user_project/venv/lib/python3.10/site-packages/click/utils.py', '/root/gf180-demo/caravel_user_project/venv/lib/python3.10/site-packages/click/exceptions.py', '/root/gf180-demo/caravel_user_project/venv/lib/python3.10/site-packages/click/globals.py', '/root/gf180-demo/caravel_user_project/venv/lib/python3.10/site-packages/click/decorators.py', '/root/gf180-demo/caravel_user_project/venv/lib/python3.10/site-packages/click/core.py', '/root/gf180-demo/caravel_user_project/venv/lib/python3.10/site-packages/click/shell_completion.py']
2022-12-05 00:42:24 - [INFO] - For the full SPDX compliance report check: /root/gf180-demo/caravel_user_project/precheck_results/05_DEC_2022___00_42_11/logs/spdx_compliance_report.log
2022-12-05 00:42:24 - [INFO] - {{STEP UPDATE}} Executing Check 2 of 7: GPIO-Defines
2022-12-05 00:42:24 - [INFO] - GPIO-DEFINES: Checking verilog/rtl/user_defines.v, parsing files: ['/root/mpw_precheck/checks/gpio_defines_check/verilog_assets/gpio_modes_base.v', '/root/gf180-demo/caravel_user_project/verilog/rtl/user_defines.v', '/root/mpw_precheck/checks/gpio_defines_check/verilog_assets/gpio_modes_observe.v']
2022-12-05 00:42:27 - [INFO] - GPIO-DEFINES report path: /root/gf180-demo/caravel_user_project/precheck_results/05_DEC_2022___00_42_11/outputs/reports/gpio_defines.report
2022-12-05 00:42:27 - [INFO] - {{GPIO-DEFINES CHECK PASSED}} The user verilog/rtl/user_defines.v is valid.
2022-12-05 00:42:27 - [INFO] - {{STEP UPDATE}} Executing Check 3 of 7: XOR
2022-12-05 00:42:35 - [INFO] - {{XOR CHECK UPDATE}} Total XOR differences: 0, for more details view /root/gf180-demo/caravel_user_project/precheck_results/05_DEC_2022___00_42_11/outputs/user_project_wrapper.xor.gds
2022-12-05 00:42:35 - [INFO] - {{XOR CHECK PASSED}} The GDS file has no XOR violations.
2022-12-05 00:42:35 - [INFO] - {{STEP UPDATE}} Executing Check 4 of 7: Klayout FEOL
2022-12-05 00:42:35 - [INFO] - in CUSTOM klayout_gds_drc_check
2022-12-05 00:42:35 - [INFO] - run: klayout -b -r /root/mpw_precheck/checks/tech-files/gf180mcuC_mr.drc -rd input=/root/gf180-demo/caravel_user_project/gds/user_project_wrapper.gds -rd topcell=user_project_wrapper -rd report=/root/gf180-demo/caravel_user_project/precheck_results/05_DEC_2022___00_42_11/outputs/reports/klayout_feol_check.xml -rd feol=true -rd metal_top=9K -rd mim_option=B -rd metal_level=5LM -rd conn_drc=true >& /root/gf180-demo/caravel_user_project/precheck_results/05_DEC_2022___00_42_11/logs/klayout_feol_check.log
2022-12-05 00:58:08 - [INFO] - No DRC Violations found
2022-12-05 00:58:08 - [INFO] - {{Klayout FEOL CHECK PASSED}} The GDS file, user_project_wrapper.gds, has no DRC violations.
2022-12-05 00:58:08 - [INFO] - {{STEP UPDATE}} Executing Check 5 of 7: Klayout BEOL
2022-12-05 00:58:08 - [INFO] - in CUSTOM klayout_gds_drc_check
2022-12-05 00:58:08 - [INFO] - run: klayout -b -r /root/mpw_precheck/checks/tech-files/gf180mcuC_mr.drc -rd input=/root/gf180-demo/caravel_user_project/gds/user_project_wrapper.gds -rd topcell=user_project_wrapper -rd report=/root/gf180-demo/caravel_user_project/precheck_results/05_DEC_2022___00_42_11/outputs/reports/klayout_beol_check.xml -rd beol=true -rd metal_top=9K -rd mim_option=B -rd metal_level=5LM -rd conn_drc=true >& /root/gf180-demo/caravel_user_project/precheck_results/05_DEC_2022___00_42_11/logs/klayout_beol_check.log
2022-12-05 01:06:53 - [INFO] - No DRC Violations found
2022-12-05 01:06:53 - [INFO] - {{Klayout BEOL CHECK PASSED}} The GDS file, user_project_wrapper.gds, has no DRC violations.
2022-12-05 01:06:53 - [INFO] - {{STEP UPDATE}} Executing Check 6 of 7: Klayout Offgrid
2022-12-05 01:06:53 - [INFO] - in CUSTOM klayout_gds_drc_check
2022-12-05 01:06:53 - [INFO] - run: klayout -b -r /root/mpw_precheck/checks/tech-files/gf180mcuC_mr.drc -rd input=/root/gf180-demo/caravel_user_project/gds/user_project_wrapper.gds -rd topcell=user_project_wrapper -rd report=/root/gf180-demo/caravel_user_project/precheck_results/05_DEC_2022___00_42_11/outputs/reports/klayout_offgrid_check.xml -rd offgrid=true -rd metal_top=9K -rd mim_option=B -rd metal_level=5LM -rd conn_drc=true >& /root/gf180-demo/caravel_user_project/precheck_results/05_DEC_2022___00_42_11/logs/klayout_offgrid_check.log
2022-12-05 01:13:11 - [INFO] - No DRC Violations found
2022-12-05 01:13:11 - [INFO] - {{Klayout Offgrid CHECK PASSED}} The GDS file, user_project_wrapper.gds, has no DRC violations.
2022-12-05 01:13:11 - [INFO] - {{STEP UPDATE}} Executing Check 7 of 7: Klayout Metal Minimum Clear Area Density
2022-12-05 01:13:11 - [INFO] - in CUSTOM klayout_gds_drc_check
2022-12-05 01:13:11 - [INFO] - run: klayout -b -r /root/mpw_precheck/checks/drc_checks/klayout/gf180mcu_density.lydrc -rd input=/root/gf180-demo/caravel_user_project/gds/user_project_wrapper.gds -rd topcell=user_project_wrapper -rd report=/root/gf180-demo/caravel_user_project/precheck_results/05_DEC_2022___00_42_11/outputs/reports/klayout_met_min_ca_density_check.xml >& /root/gf180-demo/caravel_user_project/precheck_results/05_DEC_2022___00_42_11/logs/klayout_met_min_ca_density_check.log
2022-12-05 01:13:13 - [INFO] - No DRC Violations found
2022-12-05 01:13:13 - [INFO] - {{Klayout Metal Minimum Clear Area Density CHECK PASSED}} The GDS file, user_project_wrapper.gds, has no DRC violations.
2022-12-05 01:13:13 - [INFO] - {{FINISH}} Executing Finished, the full log 'precheck.log' can be found in '/root/gf180-demo/caravel_user_project/precheck_results/05_DEC_2022___00_42_11/logs'
2022-12-05 01:13:13 - [INFO] - {{SUCCESS}} All Checks Passed !!!
